tests/semantic/init_test.sh
Semantic Tests already initialized
python -m pytest --cache-clear tests/semantic/test_semantics.py -v --tb=short --workers=auto 
============================= test session starts ==============================
platform linux -- Python 3.7.12, pytest-6.2.4, py-1.11.0, pluggy-1.0.0.dev0 -- /home/greg/warp_dev/bin/python
cachedir: .pytest_cache
rootdir: /home/greg/dev/nethermind/warp
plugins: pylama-8.3.6, pytest_check-1.0.4, parallel-0.1.1, web3-5.25.0, typeguard-2.13.2, asyncio-0.16.0
collecting ... collected 1270 items
pytest-parallel: 20 workers (processes), 1 test per worker (thread)

tests/semantic/test_semantics.py::test_semantics[/home/greg/dev/nethermind/warp/tests/semantic/solidity/test/libsolidity/semanticTests/constructor_with_params_diamond_inheritance.sol] 
tests/semantic/test_semantics.py::test_semantics[/home/greg/dev/nethermind/warp/tests/semantic/solidity/test/libsolidity/semanticTests/empty_for_loop.sol] 
tests/semantic/test_semantics.py::test_semantics[/home/greg/dev/nethermind/warp/tests/semantic/solidity/test/libsolidity/semanticTests/dirty_calldata_dynamic_array.sol] 
tests/semantic/test_semantics.py::test_semantics[/home/greg/dev/nethermind/warp/tests/semantic/solidity/test/libsolidity/semanticTests/empty_contract.sol] 
tests/semantic/test_semantics.py::test_semantics[/home/greg/dev/nethermind/warp/tests/semantic/solidity/test/libsolidity/semanticTests/isoltestFormatting.sol] 
tests/semantic/test_semantics.py::test_semantics[/home/greg/dev/nethermind/warp/tests/semantic/solidity/test/libsolidity/semanticTests/state_variables_init_order_3.sol] 
tests/semantic/test_semantics.py::test_semantics[/home/greg/dev/nethermind/warp/tests/semantic/solidity/test/libsolidity/semanticTests/interface_inheritance_conversions.sol] 
tests/semantic/test_semantics.py::test_semantics[/home/greg/dev/nethermind/warp/tests/semantic/solidity/test/libsolidity/semanticTests/dirty_calldata_bytes.sol] SKIPPED
tests/semantic/test_semantics.py::test_semantics[/home/greg/dev/nethermind/warp/tests/semantic/solidity/test/libsolidity/semanticTests/state_variables_init_order.sol] 
tests/semantic/test_semantics.py::test_semantics[/home/greg/dev/nethermind/warp/tests/semantic/solidity/test/libsolidity/semanticTests/state_var_initialization.sol] 
tests/semantic/test_semantics.py::test_semantics[/home/greg/dev/nethermind/warp/tests/semantic/solidity/test/libsolidity/semanticTests/constructor_with_params_inheritance.sol] 
tests/semantic/test_semantics.py::test_semantics[/home/greg/dev/nethermind/warp/tests/semantic/solidity/test/libsolidity/semanticTests/constructor_with_params.sol] 
tests/semantic/test_semantics.py::test_semantics[/home/greg/dev/nethermind/warp/tests/semantic/solidity/test/libsolidity/semanticTests/c99_scoping_activation.sol] 
tests/semantic/test_semantics.py::test_semantics[/home/greg/dev/nethermind/warp/tests/semantic/solidity/test/libsolidity/semanticTests/constructor_ihneritance_init_order_2.sol] 
tests/semantic/test_semantics.py::test_semantics[/home/greg/dev/nethermind/warp/tests/semantic/solidity/test/libsolidity/semanticTests/state_variables_init_order_2.sol] 
tests/semantic/test_semantics.py::test_semantics[/home/greg/dev/nethermind/warp/tests/semantic/solidity/test/libsolidity/semanticTests/constructor_inheritance_init_order.sol] 
tests/semantic/test_semantics.py::test_semantics[/home/greg/dev/nethermind/warp/tests/semantic/solidity/test/libsolidity/semanticTests/interface_inheritance_conversions.sol] SKIPPED
tests/semantic/test_semantics.py::test_semantics[/home/greg/dev/nethermind/warp/tests/semantic/solidity/test/libsolidity/semanticTests/constructor_with_params_inheritance_2.sol] 
tests/semantic/test_semantics.py::test_semantics[/home/greg/dev/nethermind/warp/tests/semantic/solidity/test/libsolidity/semanticTests/integer/small_signed_types.sol] 
tests/semantic/test_semantics.py::test_semantics[/home/greg/dev/nethermind/warp/tests/semantic/solidity/test/libsolidity/semanticTests/integer/many_local_variables.sol] 
tests/semantic/test_semantics.py::test_semantics[/home/greg/dev/nethermind/warp/tests/semantic/solidity/test/libsolidity/semanticTests/integer/basic.sol] 
tests/semantic/test_semantics.py::test_semantics[/home/greg/dev/nethermind/warp/tests/semantic/solidity/test/libsolidity/semanticTests/integer/int.sol] 
tests/semantic/test_semantics.py::test_semantics[/home/greg/dev/nethermind/warp/tests/semantic/solidity/test/libsolidity/semanticTests/constructor_ihneritance_init_order_2.sol] FAILEDFAILED
tests/semantic/test_semantics.py::test_semantics[/home/greg/dev/nethermind/warp/tests/semantic/solidity/test/libsolidity/semanticTests/integer/uint.sol] 
tests/semantic/test_semantics.py::test_semantics[/home/greg/dev/nethermind/warp/tests/semantic/solidity/test/libsolidity/semanticTests/empty_contract.sol] PASSEDPASSED
tests/semantic/test_semantics.py::test_semantics[/home/greg/dev/nethermind/warp/tests/semantic/solidity/test/libsolidity/semanticTests/constructor/functions_called_by_constructor.sol] PASSED
tests/semantic/test_semantics.py::test_semantics[/home/greg/dev/nethermind/warp/tests/semantic/solidity/test/libsolidity/semanticTests/integer/basic.sol] PASSED
tests/semantic/test_semantics.py::test_semantics[/home/greg/dev/nethermind/warp/tests/semantic/solidity/test/libsolidity/semanticTests/constructor/constructor_function_argument.sol] 
tests/semantic/test_semantics.py::test_semantics[/home/greg/dev/nethermind/warp/tests/semantic/solidity/test/libsolidity/semanticTests/integer/small_signed_types.sol] PASSEDPASSED
tests/semantic/test_semantics.py::test_semantics[/home/greg/dev/nethermind/warp/tests/semantic/solidity/test/libsolidity/semanticTests/constructor/constructor_static_array_argument.sol] PASSED
tests/semantic/test_semantics.py::test_semantics[/home/greg/dev/nethermind/warp/tests/semantic/solidity/test/libsolidity/semanticTests/integer/many_local_variables.sol] PASSED
tests/semantic/test_semantics.py::test_semantics[/home/greg/dev/nethermind/warp/tests/semantic/solidity/test/libsolidity/semanticTests/constructor/store_function_in_constructor_packed.sol] 
tests/semantic/test_semantics.py::test_semantics[/home/greg/dev/nethermind/warp/tests/semantic/solidity/test/libsolidity/semanticTests/empty_for_loop.sol] PASSEDPASSED
tests/semantic/test_semantics.py::test_semantics[/home/greg/dev/nethermind/warp/tests/semantic/solidity/test/libsolidity/semanticTests/constructor/no_callvalue_check.sol] 
tests/semantic/test_semantics.py::test_semantics[/home/greg/dev/nethermind/warp/tests/semantic/solidity/test/libsolidity/semanticTests/constructor/no_callvalue_check.sol] SKIPPEDSKIPPED
tests/semantic/test_semantics.py::test_semantics[/home/greg/dev/nethermind/warp/tests/semantic/solidity/test/libsolidity/semanticTests/constructor/constructor_arguments_external.sol] PASSED
tests/semantic/test_semantics.py::test_semantics[/home/greg/dev/nethermind/warp/tests/semantic/solidity/test/libsolidity/semanticTests/state_var_initialization.sol] PASSED
tests/semantic/test_semantics.py::test_semantics[/home/greg/dev/nethermind/warp/tests/semantic/solidity/test/libsolidity/semanticTests/constructor/store_internal_unused_library_function_in_constructor.sol] 
tests/semantic/test_semantics.py::test_semantics[/home/greg/dev/nethermind/warp/tests/semantic/solidity/test/libsolidity/semanticTests/dirty_calldata_bytes.sol] PASSEDPASSED
tests/semantic/test_semantics.py::test_semantics[/home/greg/dev/nethermind/warp/tests/semantic/solidity/test/libsolidity/semanticTests/constructor/store_function_in_constructor.sol] 
tests/semantic/test_semantics.py::test_semantics[/home/greg/dev/nethermind/warp/tests/semantic/solidity/test/libsolidity/semanticTests/constructor_inheritance_init_order.sol] PASSEDPASSED
tests/semantic/test_semantics.py::test_semantics[/home/greg/dev/nethermind/warp/tests/semantic/solidity/test/libsolidity/semanticTests/constructor/evm_exceptions_in_constructor_call_fail.sol] 
tests/semantic/test_semantics.py::test_semantics[/home/greg/dev/nethermind/warp/tests/semantic/solidity/test/libsolidity/semanticTests/constructor/evm_exceptions_in_constructor_call_fail.sol] SKIPPEDSKIPPED
tests/semantic/test_semantics.py::test_semantics[/home/greg/dev/nethermind/warp/tests/semantic/solidity/test/libsolidity/semanticTests/constructor/payable_constructor.sol] 
tests/semantic/test_semantics.py::test_semantics[/home/greg/dev/nethermind/warp/tests/semantic/solidity/test/libsolidity/semanticTests/constructor/payable_constructor.sol] SKIPPEDSKIPPED
tests/semantic/test_semantics.py::test_semantics[/home/greg/dev/nethermind/warp/tests/semantic/solidity/test/libsolidity/semanticTests/constructor/bytes_in_constructors_packer.sol] 
tests/semantic/test_semantics.py::test_semantics[/home/greg/dev/nethermind/warp/tests/semantic/solidity/test/libsolidity/semanticTests/constructor/bytes_in_constructors_packer.sol] SKIPPEDSKIPPED
tests/semantic/test_semantics.py::test_semantics[/home/greg/dev/nethermind/warp/tests/semantic/solidity/test/libsolidity/semanticTests/constructor/functions_called_by_constructor_through_dispatch.sol] 
tests/semantic/test_semantics.py::test_semantics[/home/greg/dev/nethermind/warp/tests/semantic/solidity/test/libsolidity/semanticTests/constructor_with_params_inheritance_2.sol] PASSEDPASSED
tests/semantic/test_semantics.py::test_semantics[/home/greg/dev/nethermind/warp/tests/semantic/solidity/test/libsolidity/semanticTests/constructor/arrays_in_constructors.sol] SKIPPED
tests/semantic/test_semantics.py::test_semantics[/home/greg/dev/nethermind/warp/tests/semantic/solidity/test/libsolidity/semanticTests/constructor/arrays_in_constructors.sol] SKIPPED
tests/semantic/test_semantics.py::test_semantics[/home/greg/dev/nethermind/warp/tests/semantic/solidity/test/libsolidity/semanticTests/constructor/callvalue_check.sol] SKIPPED
tests/semantic/test_semantics.py::test_semantics[/home/greg/dev/nethermind/warp/tests/semantic/solidity/test/libsolidity/semanticTests/constructor/callvalue_check.sol] SKIPPED
tests/semantic/test_semantics.py::test_semantics[/home/greg/dev/nethermind/warp/tests/semantic/solidity/test/libsolidity/semanticTests/constructor/function_usage_in_constructor_arguments.sol] PASSED
tests/semantic/test_semantics.py::test_semantics[/home/greg/dev/nethermind/warp/tests/semantic/solidity/test/libsolidity/semanticTests/state_variables_init_order.sol] PASSED
tests/semantic/test_semantics.py::test_semantics[/home/greg/dev/nethermind/warp/tests/semantic/solidity/test/libsolidity/semanticTests/constructor/constructor_function_complex.sol] 
tests/semantic/test_semantics.py::test_semantics[/home/greg/dev/nethermind/warp/tests/semantic/solidity/test/libsolidity/semanticTests/constructor/constructor_function_complex.sol] SKIPPEDSKIPPED
tests/semantic/test_semantics.py::test_semantics[/home/greg/dev/nethermind/warp/tests/semantic/solidity/test/libsolidity/semanticTests/constructor/inline_member_init_inheritence_without_constructor.sol] 
tests/semantic/test_semantics.py::test_semantics[/home/greg/dev/nethermind/warp/tests/semantic/solidity/test/libsolidity/semanticTests/constructor_with_params.sol] PASSEDPASSED
tests/semantic/test_semantics.py::test_semantics[/home/greg/dev/nethermind/warp/tests/semantic/solidity/test/libsolidity/semanticTests/constructor/store_internal_unused_function_in_constructor.sol] 
tests/semantic/test_semantics.py::test_semantics[/home/greg/dev/nethermind/warp/tests/semantic/solidity/test/libsolidity/semanticTests/constructor_with_params_inheritance.sol] PASSEDPASSED
tests/semantic/test_semantics.py::test_semantics[/home/greg/dev/nethermind/warp/tests/semantic/solidity/test/libsolidity/semanticTests/constructor/bytes_in_constructors_unpacker.sol] 
tests/semantic/test_semantics.py::test_semantics[/home/greg/dev/nethermind/warp/tests/semantic/solidity/test/libsolidity/semanticTests/constructor_with_params_diamond_inheritance.sol] PASSEDPASSED
tests/semantic/test_semantics.py::test_semantics[/home/greg/dev/nethermind/warp/tests/semantic/solidity/test/libsolidity/semanticTests/constructor/order_of_evaluation.sol] PASSED
tests/semantic/test_semantics.py::test_semantics[/home/greg/dev/nethermind/warp/tests/semantic/solidity/test/libsolidity/semanticTests/c99_scoping_activation.sol] PASSED
tests/semantic/test_semantics.py::test_semantics[/home/greg/dev/nethermind/warp/tests/semantic/solidity/test/libsolidity/semanticTests/constructor/base_constructor_arguments.sol] PASSED
tests/semantic/test_semantics.py::test_semantics[/home/greg/dev/nethermind/warp/tests/semantic/solidity/test/libsolidity/semanticTests/state_variables_init_order_2.sol] PASSED
tests/semantic/test_semantics.py::test_semantics[/home/greg/dev/nethermind/warp/tests/semantic/solidity/test/libsolidity/semanticTests/constructor/constructor_arguments_internal.sol] 
tests/semantic/test_semantics.py::test_semantics[/home/greg/dev/nethermind/warp/tests/semantic/solidity/test/libsolidity/semanticTests/constructor/constructor_arguments_internal.sol] SKIPPEDSKIPPED
tests/semantic/test_semantics.py::test_semantics[/home/greg/dev/nethermind/warp/tests/semantic/solidity/test/libsolidity/semanticTests/metaTypes/name_other_contract.sol] 
tests/semantic/test_semantics.py::test_semantics[/home/greg/dev/nethermind/warp/tests/semantic/solidity/test/libsolidity/semanticTests/dirty_calldata_dynamic_array.sol] FAILEDFAILED
tests/semantic/test_semantics.py::test_semantics[/home/greg/dev/nethermind/warp/tests/semantic/solidity/test/libsolidity/semanticTests/statements/do_while_loop_continue.sol] 
tests/semantic/test_semantics.py::test_semantics[/home/greg/dev/nethermind/warp/tests/semantic/solidity/test/libsolidity/semanticTests/integer/uint.sol] PASSEDPASSED
tests/semantic/test_semantics.py::test_semantics[/home/greg/dev/nethermind/warp/tests/semantic/solidity/test/libsolidity/semanticTests/various/nested_calldata_struct.sol] 
tests/semantic/test_semantics.py::test_semantics[/home/greg/dev/nethermind/warp/tests/semantic/solidity/test/libsolidity/semanticTests/isoltestFormatting.sol] PASSEDPASSED
tests/semantic/test_semantics.py::test_semantics[/home/greg/dev/nethermind/warp/tests/semantic/solidity/test/libsolidity/semanticTests/various/positive_integers_to_signed.sol] 
tests/semantic/test_semantics.py::test_semantics[/home/greg/dev/nethermind/warp/tests/semantic/solidity/test/libsolidity/semanticTests/integer/int.sol] PASSEDPASSED
tests/semantic/test_semantics.py::test_semantics[/home/greg/dev/nethermind/warp/tests/semantic/solidity/test/libsolidity/semanticTests/various/skip_dynamic_types.sol] 
tests/semantic/test_semantics.py::test_semantics[/home/greg/dev/nethermind/warp/tests/semantic/solidity/test/libsolidity/semanticTests/constructor/constructor_function_argument.sol] FAILEDFAILED
tests/semantic/test_semantics.py::test_semantics[/home/greg/dev/nethermind/warp/tests/semantic/solidity/test/libsolidity/semanticTests/various/inline_tuple_with_rational_numbers.sol] 
tests/semantic/test_semantics.py::test_semantics[/home/greg/dev/nethermind/warp/tests/semantic/solidity/test/libsolidity/semanticTests/constructor/functions_called_by_constructor.sol] PASSEDPASSED
tests/semantic/test_semantics.py::test_semantics[/home/greg/dev/nethermind/warp/tests/semantic/solidity/test/libsolidity/semanticTests/various/assignment_to_const_var_involving_expression.sol] PASSED
tests/semantic/test_semantics.py::test_semantics[/home/greg/dev/nethermind/warp/tests/semantic/solidity/test/libsolidity/semanticTests/state_variables_init_order_3.sol] PASSED
tests/semantic/test_semantics.py::test_semantics[/home/greg/dev/nethermind/warp/tests/semantic/solidity/test/libsolidity/semanticTests/various/swap_in_storage_overwrite.sol] PASSED
tests/semantic/test_semantics.py::test_semantics[/home/greg/dev/nethermind/warp/tests/semantic/solidity/test/libsolidity/semanticTests/constructor/store_internal_unused_library_function_in_constructor.sol] PASSED
tests/semantic/test_semantics.py::test_semantics[/home/greg/dev/nethermind/warp/tests/semantic/solidity/test/libsolidity/semanticTests/various/flipping_sign_tests.sol] 
tests/semantic/test_semantics.py::test_semantics[/home/greg/dev/nethermind/warp/tests/semantic/solidity/test/libsolidity/semanticTests/constructor/base_constructor_arguments.sol] PASSEDPASSED
tests/semantic/test_semantics.py::test_semantics[/home/greg/dev/nethermind/warp/tests/semantic/solidity/test/libsolidity/semanticTests/various/crazy_elementary_typenames_on_stack.sol] PASSED
tests/semantic/test_semantics.py::test_semantics[/home/greg/dev/nethermind/warp/tests/semantic/solidity/test/libsolidity/semanticTests/various/destructuring_assignment.sol] 
tests/semantic/test_semantics.py::test_semantics[/home/greg/dev/nethermind/warp/tests/semantic/solidity/test/libsolidity/semanticTests/various/nested_calldata_struct.sol] PASSED
tests/semantic/test_semantics.py::test_semantics[/home/greg/dev/nethermind/warp/tests/semantic/solidity/test/libsolidity/semanticTests/constructor/constructor_static_array_argument.sol] PASSEDPASSED
tests/semantic/test_semantics.py::test_semantics[/home/greg/dev/nethermind/warp/tests/semantic/solidity/test/libsolidity/semanticTests/various/byte_optimization_bug.sol] PASSED
tests/semantic/test_semantics.py::test_semantics[/home/greg/dev/nethermind/warp/tests/semantic/solidity/test/libsolidity/semanticTests/constructor/store_internal_unused_function_in_constructor.sol] PASSED
tests/semantic/test_semantics.py::test_semantics[/home/greg/dev/nethermind/warp/tests/semantic/solidity/test/libsolidity/semanticTests/various/code_access_padding.sol] 
tests/semantic/test_semantics.py::test_semantics[/home/greg/dev/nethermind/warp/tests/semantic/solidity/test/libsolidity/semanticTests/various/code_access_padding.sol] SKIPPEDSKIPPED
tests/semantic/test_semantics.py::test_semantics[/home/greg/dev/nethermind/warp/tests/semantic/solidity/test/libsolidity/semanticTests/various/typed_multi_variable_declaration.sol] 
tests/semantic/test_semantics.py::test_semantics[/home/greg/dev/nethermind/warp/tests/semantic/solidity/test/libsolidity/semanticTests/constructor/function_usage_in_constructor_arguments.sol] PASSEDPASSED
tests/semantic/test_semantics.py::test_semantics[/home/greg/dev/nethermind/warp/tests/semantic/solidity/test/libsolidity/semanticTests/various/skip_dynamic_types_for_static_arrays_with_dynamic_elements.sol] PASSED
tests/semantic/test_semantics.py::test_semantics[/home/greg/dev/nethermind/warp/tests/semantic/solidity/test/libsolidity/semanticTests/constructor/inline_member_init_inheritence_without_constructor.sol] PASSED
tests/semantic/test_semantics.py::test_semantics[/home/greg/dev/nethermind/warp/tests/semantic/solidity/test/libsolidity/semanticTests/various/codehash.sol] 
tests/semantic/test_semantics.py::test_semantics[/home/greg/dev/nethermind/warp/tests/semantic/solidity/test/libsolidity/semanticTests/various/codehash.sol] SKIPPEDSKIPPED
tests/semantic/test_semantics.py::test_semantics[/home/greg/dev/nethermind/warp/tests/semantic/solidity/test/libsolidity/semanticTests/various/store_bytes.sol] PASSED
tests/semantic/test_semantics.py::test_semantics[/home/greg/dev/nethermind/warp/tests/semantic/solidity/test/libsolidity/semanticTests/statements/do_while_loop_continue.sol] PASSED
tests/semantic/test_semantics.py::test_semantics[/home/greg/dev/nethermind/warp/tests/semantic/solidity/test/libsolidity/semanticTests/various/erc20.sol] 
tests/semantic/test_semantics.py::test_semantics[/home/greg/dev/nethermind/warp/tests/semantic/solidity/test/libsolidity/semanticTests/various/erc20.sol] SKIPPEDSKIPPED
tests/semantic/test_semantics.py::test_semantics[/home/greg/dev/nethermind/warp/tests/semantic/solidity/test/libsolidity/semanticTests/various/code_access_runtime.sol] 
tests/semantic/test_semantics.py::test_semantics[/home/greg/dev/nethermind/warp/tests/semantic/solidity/test/libsolidity/semanticTests/various/code_access_runtime.sol] SKIPPEDSKIPPED
tests/semantic/test_semantics.py::test_semantics[/home/greg/dev/nethermind/warp/tests/semantic/solidity/test/libsolidity/semanticTests/various/multi_variable_declaration.sol] PASSED
tests/semantic/test_semantics.py::test_semantics[/home/greg/dev/nethermind/warp/tests/semantic/solidity/test/libsolidity/semanticTests/various/assignment_to_const_var_involving_expression.sol] PASSED
tests/semantic/test_semantics.py::test_semantics[/home/greg/dev/nethermind/warp/tests/semantic/solidity/test/libsolidity/semanticTests/various/inline_member_init_inheritence.sol] 
tests/semantic/test_semantics.py::test_semantics[/home/greg/dev/nethermind/warp/tests/semantic/solidity/test/libsolidity/semanticTests/constructor/constructor_arguments_external.sol] PASSEDPASSED
tests/semantic/test_semantics.py::test_semantics[/home/greg/dev/nethermind/warp/tests/semantic/solidity/test/libsolidity/semanticTests/various/state_variable_local_variable_mixture.sol] 
tests/semantic/test_semantics.py::test_semantics[/home/greg/dev/nethermind/warp/tests/semantic/solidity/test/libsolidity/semanticTests/various/inline_tuple_with_rational_numbers.sol] PASSEDPASSED
tests/semantic/test_semantics.py::test_semantics[/home/greg/dev/nethermind/warp/tests/semantic/solidity/test/libsolidity/semanticTests/various/decayed_tuple.sol] 
tests/semantic/test_semantics.py::test_semantics[/home/greg/dev/nethermind/warp/tests/semantic/solidity/test/libsolidity/semanticTests/constructor/functions_called_by_constructor_through_dispatch.sol] PASSEDPASSED
tests/semantic/test_semantics.py::test_semantics[/home/greg/dev/nethermind/warp/tests/semantic/solidity/test/libsolidity/semanticTests/various/value_complex.sol] 
tests/semantic/test_semantics.py::test_semantics[/home/greg/dev/nethermind/warp/tests/semantic/solidity/test/libsolidity/semanticTests/various/value_complex.sol] SKIPPEDSKIPPED
tests/semantic/test_semantics.py::test_semantics[/home/greg/dev/nethermind/warp/tests/semantic/solidity/test/libsolidity/semanticTests/various/multi_modifiers.sol] PASSED
tests/semantic/test_semantics.py::test_semantics[/home/greg/dev/nethermind/warp/tests/semantic/solidity/test/libsolidity/semanticTests/constructor/store_function_in_constructor.sol] PASSED
tests/semantic/test_semantics.py::test_semantics[/home/greg/dev/nethermind/warp/tests/semantic/solidity/test/libsolidity/semanticTests/various/code_access_create.sol] 
tests/semantic/test_semantics.py::test_semantics[/home/greg/dev/nethermind/warp/tests/semantic/solidity/test/libsolidity/semanticTests/various/code_access_create.sol] SKIPPEDSKIPPED
tests/semantic/test_semantics.py::test_semantics[/home/greg/dev/nethermind/warp/tests/semantic/solidity/test/libsolidity/semanticTests/various/codehash_assembly.sol] 
tests/semantic/test_semantics.py::test_semantics[/home/greg/dev/nethermind/warp/tests/semantic/solidity/test/libsolidity/semanticTests/various/codehash_assembly.sol] SKIPPEDSKIPPED
tests/semantic/test_semantics.py::test_semantics[/home/greg/dev/nethermind/warp/tests/semantic/solidity/test/libsolidity/semanticTests/various/gasleft_shadow_resolution.sol] 
tests/semantic/test_semantics.py::test_semantics[/home/greg/dev/nethermind/warp/tests/semantic/solidity/test/libsolidity/semanticTests/various/gasleft_shadow_resolution.sol] SKIPPEDSKIPPED
tests/semantic/test_semantics.py::test_semantics[/home/greg/dev/nethermind/warp/tests/semantic/solidity/test/libsolidity/semanticTests/various/super_alone.sol] PASSED
tests/semantic/test_semantics.py::test_semantics[/home/greg/dev/nethermind/warp/tests/semantic/solidity/test/libsolidity/semanticTests/constructor/store_function_in_constructor_packed.sol] PASSED
tests/semantic/test_semantics.py::test_semantics[/home/greg/dev/nethermind/warp/tests/semantic/solidity/test/libsolidity/semanticTests/various/memory_overwrite.sol] PASSED
tests/semantic/test_semantics.py::test_semantics[/home/greg/dev/nethermind/warp/tests/semantic/solidity/test/libsolidity/semanticTests/metaTypes/name_other_contract.sol] PASSED
tests/semantic/test_semantics.py::test_semantics[/home/greg/dev/nethermind/warp/tests/semantic/solidity/test/libsolidity/semanticTests/various/super_parentheses.sol] PASSED
tests/semantic/test_semantics.py::test_semantics[/home/greg/dev/nethermind/warp/tests/semantic/solidity/test/libsolidity/semanticTests/constructor/order_of_evaluation.sol] PASSED
tests/semantic/test_semantics.py::test_semantics[/home/greg/dev/nethermind/warp/tests/semantic/solidity/test/libsolidity/semanticTests/various/staticcall_for_view_and_pure.sol] 
tests/semantic/test_semantics.py::test_semantics[/home/greg/dev/nethermind/warp/tests/semantic/solidity/test/libsolidity/semanticTests/various/staticcall_for_view_and_pure.sol] FAILEDFAILED
tests/semantic/test_semantics.py::test_semantics[/home/greg/dev/nethermind/warp/tests/semantic/solidity/test/libsolidity/semanticTests/various/staticcall_for_view_and_pure_pre_byzantium.sol] 
tests/semantic/test_semantics.py::test_semantics[/home/greg/dev/nethermind/warp/tests/semantic/solidity/test/libsolidity/semanticTests/various/staticcall_for_view_and_pure_pre_byzantium.sol] SKIPPEDSKIPPED
tests/semantic/test_semantics.py::test_semantics[/home/greg/dev/nethermind/warp/tests/semantic/solidity/test/libsolidity/semanticTests/various/iszero_bnot_correct.sol] FAILED
tests/semantic/test_semantics.py::test_semantics[/home/greg/dev/nethermind/warp/tests/semantic/solidity/test/libsolidity/semanticTests/various/positive_integers_to_signed.sol] FAILED
tests/semantic/test_semantics.py::test_semantics[/home/greg/dev/nethermind/warp/tests/semantic/solidity/test/libsolidity/semanticTests/various/balance.sol] SKIPPED
tests/semantic/test_semantics.py::test_semantics[/home/greg/dev/nethermind/warp/tests/semantic/solidity/test/libsolidity/semanticTests/various/balance.sol] SKIPPED
tests/semantic/test_semantics.py::test_semantics[/home/greg/dev/nethermind/warp/tests/semantic/solidity/test/libsolidity/semanticTests/various/code_length.sol] SKIPPED
tests/semantic/test_semantics.py::test_semantics[/home/greg/dev/nethermind/warp/tests/semantic/solidity/test/libsolidity/semanticTests/various/code_length.sol] SKIPPED
tests/semantic/test_semantics.py::test_semantics[/home/greg/dev/nethermind/warp/tests/semantic/solidity/test/libsolidity/semanticTests/various/code_length_contract_member.sol] 
tests/semantic/test_semantics.py::test_semantics[/home/greg/dev/nethermind/warp/tests/semantic/solidity/test/libsolidity/semanticTests/various/code_length_contract_member.sol] SKIPPEDSKIPPED
tests/semantic/test_semantics.py::test_semantics[/home/greg/dev/nethermind/warp/tests/semantic/solidity/test/libsolidity/semanticTests/various/empty_name_return_parameter.sol] PASSED
tests/semantic/test_semantics.py::test_semantics[/home/greg/dev/nethermind/warp/tests/semantic/solidity/test/libsolidity/semanticTests/various/flipping_sign_tests.sol] PASSED
tests/semantic/test_semantics.py::test_semantics[/home/greg/dev/nethermind/warp/tests/semantic/solidity/test/libsolidity/semanticTests/various/negative_stack_height.sol] 
tests/semantic/test_semantics.py::test_semantics[/home/greg/dev/nethermind/warp/tests/semantic/solidity/test/libsolidity/semanticTests/various/negative_stack_height.sol] SKIPPEDSKIPPED
tests/semantic/test_semantics.py::test_semantics[/home/greg/dev/nethermind/warp/tests/semantic/solidity/test/libsolidity/semanticTests/various/address_code_complex.sol] 
tests/semantic/test_semantics.py::test_semantics[/home/greg/dev/nethermind/warp/tests/semantic/solidity/test/libsolidity/semanticTests/various/address_code_complex.sol] SKIPPEDSKIPPED
tests/semantic/test_semantics.py::test_semantics[/home/greg/dev/nethermind/warp/tests/semantic/solidity/test/libsolidity/semanticTests/various/cross_contract_types.sol] 
tests/semantic/test_semantics.py::test_semantics[/home/greg/dev/nethermind/warp/tests/semantic/solidity/test/libsolidity/semanticTests/various/crazy_elementary_typenames_on_stack.sol] PASSEDPASSED
tests/semantic/test_semantics.py::test_semantics[/home/greg/dev/nethermind/warp/tests/semantic/solidity/test/libsolidity/semanticTests/various/code_access_content.sol] 
tests/semantic/test_semantics.py::test_semantics[/home/greg/dev/nethermind/warp/tests/semantic/solidity/test/libsolidity/semanticTests/various/code_access_content.sol] SKIPPEDSKIPPED
tests/semantic/test_semantics.py::test_semantics[/home/greg/dev/nethermind/warp/tests/semantic/solidity/test/libsolidity/semanticTests/various/nested_calldata_struct_to_memory.sol] PASSED
tests/semantic/test_semantics.py::test_semantics[/home/greg/dev/nethermind/warp/tests/semantic/solidity/test/libsolidity/semanticTests/various/swap_in_storage_overwrite.sol] PASSED
tests/semantic/test_semantics.py::test_semantics[/home/greg/dev/nethermind/warp/tests/semantic/solidity/test/libsolidity/semanticTests/various/skip_dynamic_types_for_structs.sol] PASSED
tests/semantic/test_semantics.py::test_semantics[/home/greg/dev/nethermind/warp/tests/semantic/solidity/test/libsolidity/semanticTests/various/typed_multi_variable_declaration.sol] PASSED
tests/semantic/test_semantics.py::test_semantics[/home/greg/dev/nethermind/warp/tests/semantic/solidity/test/libsolidity/semanticTests/various/contract_binary_dependencies.sol] SKIPPED
tests/semantic/test_semantics.py::test_semantics[/home/greg/dev/nethermind/warp/tests/semantic/solidity/test/libsolidity/semanticTests/various/contract_binary_dependencies.sol] SKIPPED
tests/semantic/test_semantics.py::test_semantics[/home/greg/dev/nethermind/warp/tests/semantic/solidity/test/libsolidity/semanticTests/various/gasleft_decrease.sol] SKIPPED
tests/semantic/test_semantics.py::test_semantics[/home/greg/dev/nethermind/warp/tests/semantic/solidity/test/libsolidity/semanticTests/various/gasleft_decrease.sol] SKIPPED
tests/semantic/test_semantics.py::test_semantics[/home/greg/dev/nethermind/warp/tests/semantic/solidity/test/libsolidity/semanticTests/various/single_copy_with_multiple_inheritance.sol] PASSED
tests/semantic/test_semantics.py::test_semantics[/home/greg/dev/nethermind/warp/tests/semantic/solidity/test/libsolidity/semanticTests/various/skip_dynamic_types.sol] PASSED
tests/semantic/test_semantics.py::test_semantics[/home/greg/dev/nethermind/warp/tests/semantic/solidity/test/libsolidity/semanticTests/various/tuples.sol] 
tests/semantic/test_semantics.py::test_semantics[/home/greg/dev/nethermind/warp/tests/semantic/solidity/test/libsolidity/semanticTests/various/decayed_tuple.sol] PASSEDPASSED
tests/semantic/test_semantics.py::test_semantics[/home/greg/dev/nethermind/warp/tests/semantic/solidity/test/libsolidity/semanticTests/various/string_tuples.sol] 
tests/semantic/test_semantics.py::test_semantics[/home/greg/dev/nethermind/warp/tests/semantic/solidity/test/libsolidity/semanticTests/various/byte_optimization_bug.sol] PASSEDPASSED
tests/semantic/test_semantics.py::test_semantics[/home/greg/dev/nethermind/warp/tests/semantic/solidity/test/libsolidity/semanticTests/various/write_storage_external.sol] 
tests/semantic/test_semantics.py::test_semantics[/home/greg/dev/nethermind/warp/tests/semantic/solidity/test/libsolidity/semanticTests/various/write_storage_external.sol] SKIPPEDSKIPPED
tests/semantic/test_semantics.py::test_semantics[/home/greg/dev/nethermind/warp/tests/semantic/solidity/test/libsolidity/semanticTests/various/value_insane.sol] 
tests/semantic/test_semantics.py::test_semantics[/home/greg/dev/nethermind/warp/tests/semantic/solidity/test/libsolidity/semanticTests/various/value_insane.sol] SKIPPEDSKIPPED
tests/semantic/test_semantics.py::test_semantics[/home/greg/dev/nethermind/warp/tests/semantic/solidity/test/libsolidity/semanticTests/various/test_underscore_in_hex.sol] PASSED
tests/semantic/test_semantics.py::test_semantics[/home/greg/dev/nethermind/warp/tests/semantic/solidity/test/libsolidity/semanticTests/various/state_variable_local_variable_mixture.sol] PASSED
tests/semantic/test_semantics.py::test_semantics[/home/greg/dev/nethermind/warp/tests/semantic/solidity/test/libsolidity/semanticTests/various/storage_string_as_mapping_key_without_variable.sol] PASSED
tests/semantic/test_semantics.py::test_semantics[/home/greg/dev/nethermind/warp/tests/semantic/solidity/test/libsolidity/semanticTests/various/super_alone.sol] PASSED
tests/semantic/test_semantics.py::test_semantics[/home/greg/dev/nethermind/warp/tests/semantic/solidity/test/libsolidity/semanticTests/various/inline_member_init.sol] PASSED
tests/semantic/test_semantics.py::test_semantics[/home/greg/dev/nethermind/warp/tests/semantic/solidity/test/libsolidity/semanticTests/various/inline_member_init_inheritence.sol] PASSED
tests/semantic/test_semantics.py::test_semantics[/home/greg/dev/nethermind/warp/tests/semantic/solidity/test/libsolidity/semanticTests/various/codebalance_assembly.sol] 
tests/semantic/test_semantics.py::test_semantics[/home/greg/dev/nethermind/warp/tests/semantic/solidity/test/libsolidity/semanticTests/various/codebalance_assembly.sol] SKIPPEDSKIPPED
tests/semantic/test_semantics.py::test_semantics[/home/greg/dev/nethermind/warp/tests/semantic/solidity/test/libsolidity/semanticTests/various/address_code.sol] 
tests/semantic/test_semantics.py::test_semantics[/home/greg/dev/nethermind/warp/tests/semantic/solidity/test/libsolidity/semanticTests/various/address_code.sol] SKIPPEDSKIPPED
tests/semantic/test_semantics.py::test_semantics[/home/greg/dev/nethermind/warp/tests/semantic/solidity/test/libsolidity/semanticTests/various/senders_balance.sol] 
tests/semantic/test_semantics.py::test_semantics[/home/greg/dev/nethermind/warp/tests/semantic/solidity/test/libsolidity/semanticTests/various/senders_balance.sol] SKIPPEDSKIPPED
tests/semantic/test_semantics.py::test_semantics[/home/greg/dev/nethermind/warp/tests/semantic/solidity/test/libsolidity/semanticTests/various/external_types_in_calls.sol] 
tests/semantic/test_semantics.py::test_semantics[/home/greg/dev/nethermind/warp/tests/semantic/solidity/test/libsolidity/semanticTests/various/external_types_in_calls.sol] SKIPPEDSKIPPED
tests/semantic/test_semantics.py::test_semantics[/home/greg/dev/nethermind/warp/tests/semantic/solidity/test/libsolidity/semanticTests/various/literal_empty_string.sol] 
tests/semantic/test_semantics.py::test_semantics[/home/greg/dev/nethermind/warp/tests/semantic/solidity/test/libsolidity/semanticTests/constructor/bytes_in_constructors_unpacker.sol] PASSEDPASSED
tests/semantic/test_semantics.py::test_semantics[/home/greg/dev/nethermind/warp/tests/semantic/solidity/test/libsolidity/semanticTests/various/state_variable_under_contract_name.sol] PASSED
tests/semantic/test_semantics.py::test_semantics[/home/greg/dev/nethermind/warp/tests/semantic/solidity/test/libsolidity/semanticTests/various/iszero_bnot_correct.sol] PASSED
tests/semantic/test_semantics.py::test_semantics[/home/greg/dev/nethermind/warp/tests/semantic/solidity/test/libsolidity/semanticTests/various/super.sol] 
tests/semantic/test_semantics.py::test_semantics[/home/greg/dev/nethermind/warp/tests/semantic/solidity/test/libsolidity/semanticTests/various/multi_modifiers.sol] PASSEDPASSED
tests/semantic/test_semantics.py::test_semantics[/home/greg/dev/nethermind/warp/tests/semantic/solidity/test/libsolidity/semanticTests/cleanup/cleanup_bytes_types_shortening.sol] PASSED
tests/semantic/test_semantics.py::test_semantics[/home/greg/dev/nethermind/warp/tests/semantic/solidity/test/libsolidity/semanticTests/various/super_parentheses.sol] PASSED
tests/semantic/test_semantics.py::test_semantics[/home/greg/dev/nethermind/warp/tests/semantic/solidity/test/libsolidity/semanticTests/cleanup/cleanup_in_compound_assign.sol] PASSED
tests/semantic/test_semantics.py::test_semantics[/home/greg/dev/nethermind/warp/tests/semantic/solidity/test/libsolidity/semanticTests/various/multi_variable_declaration.sol] PASSED
tests/semantic/test_semantics.py::test_semantics[/home/greg/dev/nethermind/warp/tests/semantic/solidity/test/libsolidity/semanticTests/cleanup/exp_cleanup.sol] 
tests/semantic/test_semantics.py::test_semantics[/home/greg/dev/nethermind/warp/tests/semantic/solidity/test/libsolidity/semanticTests/various/empty_name_return_parameter.sol] PASSEDPASSED
tests/semantic/test_semantics.py::test_semantics[/home/greg/dev/nethermind/warp/tests/semantic/solidity/test/libsolidity/semanticTests/cleanup/bool_conversion_v1.sol] 
tests/semantic/test_semantics.py::test_semantics[/home/greg/dev/nethermind/warp/tests/semantic/solidity/test/libsolidity/semanticTests/cleanup/bool_conversion_v1.sol] SKIPPEDSKIPPED
tests/semantic/test_semantics.py::test_semantics[/home/greg/dev/nethermind/warp/tests/semantic/solidity/test/libsolidity/semanticTests/cleanup/cleanup_address_types_shortening.sol] 
tests/semantic/test_semantics.py::test_semantics[/home/greg/dev/nethermind/warp/tests/semantic/solidity/test/libsolidity/semanticTests/cleanup/cleanup_address_types_shortening.sol] FAILEDFAILED
tests/semantic/test_semantics.py::test_semantics[/home/greg/dev/nethermind/warp/tests/semantic/solidity/test/libsolidity/semanticTests/cleanup/cleanup_address_types_v1.sol] 
tests/semantic/test_semantics.py::test_semantics[/home/greg/dev/nethermind/warp/tests/semantic/solidity/test/libsolidity/semanticTests/cleanup/cleanup_address_types_v1.sol] SKIPPEDSKIPPED
tests/semantic/test_semantics.py::test_semantics[/home/greg/dev/nethermind/warp/tests/semantic/solidity/test/libsolidity/semanticTests/cleanup/cleanup_address_types_v2.sol] PASSED
tests/semantic/test_semantics.py::test_semantics[/home/greg/dev/nethermind/warp/tests/semantic/solidity/test/libsolidity/semanticTests/various/cross_contract_types.sol] PASSED
tests/semantic/test_semantics.py::test_semantics[/home/greg/dev/nethermind/warp/tests/semantic/solidity/test/libsolidity/semanticTests/cleanup/exp_cleanup_direct.sol] PASSED
tests/semantic/test_semantics.py::test_semantics[/home/greg/dev/nethermind/warp/tests/semantic/solidity/test/libsolidity/semanticTests/various/memory_overwrite.sol] PASSED
tests/semantic/test_semantics.py::test_semantics[/home/greg/dev/nethermind/warp/tests/semantic/solidity/test/libsolidity/semanticTests/cleanup/bool_conversion_v2.sol] PASSED
tests/semantic/test_semantics.py::test_semantics[/home/greg/dev/nethermind/warp/tests/semantic/solidity/test/libsolidity/semanticTests/various/store_bytes.sol] PASSED
tests/semantic/test_semantics.py::test_semantics[/home/greg/dev/nethermind/warp/tests/semantic/solidity/test/libsolidity/semanticTests/cleanup/exp_cleanup_smaller_base.sol] PASSED
tests/semantic/test_semantics.py::test_semantics[/home/greg/dev/nethermind/warp/tests/semantic/solidity/test/libsolidity/semanticTests/various/test_underscore_in_hex.sol] PASSED
tests/semantic/test_semantics.py::test_semantics[/home/greg/dev/nethermind/warp/tests/semantic/solidity/test/libsolidity/semanticTests/cleanup/cleanup_bytes_types_v1.sol] 
tests/semantic/test_semantics.py::test_semantics[/home/greg/dev/nethermind/warp/tests/semantic/solidity/test/libsolidity/semanticTests/cleanup/cleanup_bytes_types_v1.sol] SKIPPEDSKIPPED
tests/semantic/test_semantics.py::test_semantics[/home/greg/dev/nethermind/warp/tests/semantic/solidity/test/libsolidity/semanticTests/cleanup/exp_cleanup_nonzero_base.sol] 
tests/semantic/test_semantics.py::test_semantics[/home/greg/dev/nethermind/warp/tests/semantic/solidity/test/libsolidity/semanticTests/various/nested_calldata_struct_to_memory.sol] PASSEDPASSED
tests/semantic/test_semantics.py::test_semantics[/home/greg/dev/nethermind/warp/tests/semantic/solidity/test/libsolidity/semanticTests/cleanup/cleanup_bytes_types_v2.sol] 
tests/semantic/test_semantics.py::test_semantics[/home/greg/dev/nethermind/warp/tests/semantic/solidity/test/libsolidity/semanticTests/various/storage_string_as_mapping_key_without_variable.sol] PASSEDPASSED
tests/semantic/test_semantics.py::test_semantics[/home/greg/dev/nethermind/warp/tests/semantic/solidity/test/libsolidity/semanticTests/calldata/calldata_internal_library.sol] 
tests/semantic/test_semantics.py::test_semantics[/home/greg/dev/nethermind/warp/tests/semantic/solidity/test/libsolidity/semanticTests/various/inline_member_init.sol] PASSEDPASSED
tests/semantic/test_semantics.py::test_semantics[/home/greg/dev/nethermind/warp/tests/semantic/solidity/test/libsolidity/semanticTests/calldata/calldata_bound_struct.sol] 
tests/semantic/test_semantics.py::test_semantics[/home/greg/dev/nethermind/warp/tests/semantic/solidity/test/libsolidity/semanticTests/various/single_copy_with_multiple_inheritance.sol] PASSEDPASSED
tests/semantic/test_semantics.py::test_semantics[/home/greg/dev/nethermind/warp/tests/semantic/solidity/test/libsolidity/semanticTests/calldata/calldata_internal_multi_fixed_array.sol] 
tests/semantic/test_semantics.py::test_semantics[/home/greg/dev/nethermind/warp/tests/semantic/solidity/test/libsolidity/semanticTests/various/state_variable_under_contract_name.sol] PASSEDPASSED
tests/semantic/test_semantics.py::test_semantics[/home/greg/dev/nethermind/warp/tests/semantic/solidity/test/libsolidity/semanticTests/calldata/calldata_array_dynamic_bytes.sol] 
tests/semantic/test_semantics.py::test_semantics[/home/greg/dev/nethermind/warp/tests/semantic/solidity/test/libsolidity/semanticTests/calldata/calldata_array_dynamic_bytes.sol] SKIPPEDSKIPPED
tests/semantic/test_semantics.py::test_semantics[/home/greg/dev/nethermind/warp/tests/semantic/solidity/test/libsolidity/semanticTests/calldata/calldata_bytes_to_memory_encode.sol] PASSED
tests/semantic/test_semantics.py::test_semantics[/home/greg/dev/nethermind/warp/tests/semantic/solidity/test/libsolidity/semanticTests/cleanup/cleanup_bytes_types_shortening.sol] PASSED
tests/semantic/test_semantics.py::test_semantics[/home/greg/dev/nethermind/warp/tests/semantic/solidity/test/libsolidity/semanticTests/calldata/calldata_bound_bytes.sol] PASSED
tests/semantic/test_semantics.py::test_semantics[/home/greg/dev/nethermind/warp/tests/semantic/solidity/test/libsolidity/semanticTests/various/super.sol] PASSED
tests/semantic/test_semantics.py::test_semantics[/home/greg/dev/nethermind/warp/tests/semantic/solidity/test/libsolidity/semanticTests/calldata/calldata_bytes_internal.sol] 
tests/semantic/test_semantics.py::test_semantics[/home/greg/dev/nethermind/warp/tests/semantic/solidity/test/libsolidity/semanticTests/cleanup/cleanup_in_compound_assign.sol] PASSEDPASSED
tests/semantic/test_semantics.py::test_semantics[/home/greg/dev/nethermind/warp/tests/semantic/solidity/test/libsolidity/semanticTests/calldata/calldata_memory_mixed.sol] 
tests/semantic/test_semantics.py::test_semantics[/home/greg/dev/nethermind/warp/tests/semantic/solidity/test/libsolidity/semanticTests/cleanup/exp_cleanup.sol] PASSEDPASSED
tests/semantic/test_semantics.py::test_semantics[/home/greg/dev/nethermind/warp/tests/semantic/solidity/test/libsolidity/semanticTests/calldata/calldata_internal_function_pointer.sol] 
tests/semantic/test_semantics.py::test_semantics[/home/greg/dev/nethermind/warp/tests/semantic/solidity/test/libsolidity/semanticTests/various/string_tuples.sol] PASSEDPASSED
tests/semantic/test_semantics.py::test_semantics[/home/greg/dev/nethermind/warp/tests/semantic/solidity/test/libsolidity/semanticTests/calldata/calldata_bytes_to_memory.sol] PASSED
tests/semantic/test_semantics.py::test_semantics[/home/greg/dev/nethermind/warp/tests/semantic/solidity/test/libsolidity/semanticTests/cleanup/exp_cleanup_direct.sol] PASSED
tests/semantic/test_semantics.py::test_semantics[/home/greg/dev/nethermind/warp/tests/semantic/solidity/test/libsolidity/semanticTests/calldata/calldata_bytes_external.sol] 
tests/semantic/test_semantics.py::test_semantics[/home/greg/dev/nethermind/warp/tests/semantic/solidity/test/libsolidity/semanticTests/cleanup/cleanup_address_types_v2.sol] FAILEDFAILED
tests/semantic/test_semantics.py::test_semantics[/home/greg/dev/nethermind/warp/tests/semantic/solidity/test/libsolidity/semanticTests/calldata/calldata_struct_internal.sol] 
tests/semantic/test_semantics.py::test_semantics[/home/greg/dev/nethermind/warp/tests/semantic/solidity/test/libsolidity/semanticTests/cleanup/exp_cleanup_smaller_base.sol] PASSEDPASSED
tests/semantic/test_semantics.py::test_semantics[/home/greg/dev/nethermind/warp/tests/semantic/solidity/test/libsolidity/semanticTests/calldata/calldata_struct_cleaning.sol] 
tests/semantic/test_semantics.py::test_semantics[/home/greg/dev/nethermind/warp/tests/semantic/solidity/test/libsolidity/semanticTests/cleanup/bool_conversion_v2.sol] PASSEDPASSED
tests/semantic/test_semantics.py::test_semantics[/home/greg/dev/nethermind/warp/tests/semantic/solidity/test/libsolidity/semanticTests/calldata/calldata_bound_static_array.sol] 
tests/semantic/test_semantics.py::test_semantics[/home/greg/dev/nethermind/warp/tests/semantic/solidity/test/libsolidity/semanticTests/various/tuples.sol] PASSEDPASSED
tests/semantic/test_semantics.py::test_semantics[/home/greg/dev/nethermind/warp/tests/semantic/solidity/test/libsolidity/semanticTests/calldata/calldata_struct.sol] 
tests/semantic/test_semantics.py::test_semantics[/home/greg/dev/nethermind/warp/tests/semantic/solidity/test/libsolidity/semanticTests/various/skip_dynamic_types_for_static_arrays_with_dynamic_elements.sol] PASSEDPASSED
tests/semantic/test_semantics.py::test_semantics[/home/greg/dev/nethermind/warp/tests/semantic/solidity/test/libsolidity/semanticTests/calldata/calldata_string_array.sol] 
tests/semantic/test_semantics.py::test_semantics[/home/greg/dev/nethermind/warp/tests/semantic/solidity/test/libsolidity/semanticTests/various/literal_empty_string.sol] PASSEDPASSED
tests/semantic/test_semantics.py::test_semantics[/home/greg/dev/nethermind/warp/tests/semantic/solidity/test/libsolidity/semanticTests/calldata/calldata_bound_dynamic_array_or_slice.sol] 
tests/semantic/test_semantics.py::test_semantics[/home/greg/dev/nethermind/warp/tests/semantic/solidity/test/libsolidity/semanticTests/cleanup/exp_cleanup_nonzero_base.sol] PASSEDPASSED
tests/semantic/test_semantics.py::test_semantics[/home/greg/dev/nethermind/warp/tests/semantic/solidity/test/libsolidity/semanticTests/calldata/calldata_internal_multi_array.sol] PASSED
tests/semantic/test_semantics.py::test_semantics[/home/greg/dev/nethermind/warp/tests/semantic/solidity/test/libsolidity/semanticTests/calldata/calldata_bound_struct.sol] PASSED
tests/semantic/test_semantics.py::test_semantics[/home/greg/dev/nethermind/warp/tests/semantic/solidity/test/libsolidity/semanticTests/storage/state_smoke_test.sol] 
tests/semantic/test_semantics.py::test_semantics[/home/greg/dev/nethermind/warp/tests/semantic/solidity/test/libsolidity/semanticTests/cleanup/cleanup_bytes_types_v2.sol] PASSEDPASSED
tests/semantic/test_semantics.py::test_semantics[/home/greg/dev/nethermind/warp/tests/semantic/solidity/test/libsolidity/semanticTests/storage/packed_storage_signed.sol] PASSED
tests/semantic/test_semantics.py::test_semantics[/home/greg/dev/nethermind/warp/tests/semantic/solidity/test/libsolidity/semanticTests/various/skip_dynamic_types_for_structs.sol] PASSED
tests/semantic/test_semantics.py::test_semantics[/home/greg/dev/nethermind/warp/tests/semantic/solidity/test/libsolidity/semanticTests/storage/mappings_array_pop_delete.sol] 
tests/semantic/test_semantics.py::test_semantics[/home/greg/dev/nethermind/warp/tests/semantic/solidity/test/libsolidity/semanticTests/calldata/calldata_bytes_internal.sol] PASSEDPASSED
tests/semantic/test_semantics.py::test_semantics[/home/greg/dev/nethermind/warp/tests/semantic/solidity/test/libsolidity/semanticTests/storage/empty_nonempty_empty.sol] PASSED
tests/semantic/test_semantics.py::test_semantics[/home/greg/dev/nethermind/warp/tests/semantic/solidity/test/libsolidity/semanticTests/calldata/calldata_struct_internal.sol] PASSED
tests/semantic/test_semantics.py::test_semantics[/home/greg/dev/nethermind/warp/tests/semantic/solidity/test/libsolidity/semanticTests/storage/struct_accessor.sol] 
tests/semantic/test_semantics.py::test_semantics[/home/greg/dev/nethermind/warp/tests/semantic/solidity/test/libsolidity/semanticTests/calldata/calldata_bound_bytes.sol] PASSEDPASSED
tests/semantic/test_semantics.py::test_semantics[/home/greg/dev/nethermind/warp/tests/semantic/solidity/test/libsolidity/semanticTests/storage/mapping_string_key.sol] 
tests/semantic/test_semantics.py::test_semantics[/home/greg/dev/nethermind/warp/tests/semantic/solidity/test/libsolidity/semanticTests/various/destructuring_assignment.sol] PASSEDPASSED
tests/semantic/test_semantics.py::test_semantics[/home/greg/dev/nethermind/warp/tests/semantic/solidity/test/libsolidity/semanticTests/storage/simple_accessor.sol] PASSED
tests/semantic/test_semantics.py::test_semantics[/home/greg/dev/nethermind/warp/tests/semantic/solidity/test/libsolidity/semanticTests/calldata/calldata_struct_cleaning.sol] PASSED
tests/semantic/test_semantics.py::test_semantics[/home/greg/dev/nethermind/warp/tests/semantic/solidity/test/libsolidity/semanticTests/storage/packed_storage_structs_enum.sol] PASSED
tests/semantic/test_semantics.py::test_semantics[/home/greg/dev/nethermind/warp/tests/semantic/solidity/test/libsolidity/semanticTests/calldata/calldata_bound_static_array.sol] PASSED
tests/semantic/test_semantics.py::test_semantics[/home/greg/dev/nethermind/warp/tests/semantic/solidity/test/libsolidity/semanticTests/storage/packed_storage_overflow.sol] 
tests/semantic/test_semantics.py::test_semantics[/home/greg/dev/nethermind/warp/tests/semantic/solidity/test/libsolidity/semanticTests/calldata/calldata_bytes_to_memory_encode.sol] PASSEDPASSED
tests/semantic/test_semantics.py::test_semantics[/home/greg/dev/nethermind/warp/tests/semantic/solidity/test/libsolidity/semanticTests/storage/chop_sign_bits.sol] FAILED
tests/semantic/test_semantics.py::test_semantics[/home/greg/dev/nethermind/warp/tests/semantic/solidity/test/libsolidity/semanticTests/calldata/calldata_bytes_to_memory.sol] FAILED
tests/semantic/test_semantics.py::test_semantics[/home/greg/dev/nethermind/warp/tests/semantic/solidity/test/libsolidity/semanticTests/storage/packed_storage_structs_bytes.sol] 
tests/semantic/test_semantics.py::test_semantics[/home/greg/dev/nethermind/warp/tests/semantic/solidity/test/libsolidity/semanticTests/calldata/calldata_struct.sol] PASSEDPASSED
tests/semantic/test_semantics.py::test_semantics[/home/greg/dev/nethermind/warp/tests/semantic/solidity/test/libsolidity/semanticTests/storage/packed_functions.sol] 
tests/semantic/test_semantics.py::test_semantics[/home/greg/dev/nethermind/warp/tests/semantic/solidity/test/libsolidity/semanticTests/storage/packed_functions.sol] FAILEDFAILED
tests/semantic/test_semantics.py::test_semantics[/home/greg/dev/nethermind/warp/tests/semantic/solidity/test/libsolidity/semanticTests/storage/mappings_array2d_pop_delete.sol] PASSED
tests/semantic/test_semantics.py::test_semantics[/home/greg/dev/nethermind/warp/tests/semantic/solidity/test/libsolidity/semanticTests/calldata/calldata_internal_multi_fixed_array.sol] PASSED
tests/semantic/test_semantics.py::test_semantics[/home/greg/dev/nethermind/warp/tests/semantic/solidity/test/libsolidity/semanticTests/storage/accessors_mapping_for_array.sol] 
tests/semantic/test_semantics.py::test_semantics[/home/greg/dev/nethermind/warp/tests/semantic/solidity/test/libsolidity/semanticTests/calldata/calldata_internal_library.sol] PASSEDPASSED
tests/semantic/test_semantics.py::test_semantics[/home/greg/dev/nethermind/warp/tests/semantic/solidity/test/libsolidity/semanticTests/storage/packed_storage_structs_uint.sol] PASSED
tests/semantic/test_semantics.py::test_semantics[/home/greg/dev/nethermind/warp/tests/semantic/solidity/test/libsolidity/semanticTests/calldata/calldata_bound_dynamic_array_or_slice.sol] PASSED
tests/semantic/test_semantics.py::test_semantics[/home/greg/dev/nethermind/warp/tests/semantic/solidity/test/libsolidity/semanticTests/storage/mapping_state.sol] PASSED
tests/semantic/test_semantics.py::test_semantics[/home/greg/dev/nethermind/warp/tests/semantic/solidity/test/libsolidity/semanticTests/calldata/calldata_bytes_external.sol] PASSED
tests/semantic/test_semantics.py::test_semantics[/home/greg/dev/nethermind/warp/tests/semantic/solidity/test/libsolidity/semanticTests/storage/complex_accessors.sol] PASSED
tests/semantic/test_semantics.py::test_semantics[/home/greg/dev/nethermind/warp/tests/semantic/solidity/test/libsolidity/semanticTests/calldata/calldata_internal_function_pointer.sol] PASSED
tests/semantic/test_semantics.py::test_semantics[/home/greg/dev/nethermind/warp/tests/semantic/solidity/test/libsolidity/semanticTests/storage/array_accessor.sol] 
tests/semantic/test_semantics.py::test_semantics[/home/greg/dev/nethermind/warp/tests/semantic/solidity/test/libsolidity/semanticTests/calldata/calldata_string_array.sol] PASSEDPASSED
tests/semantic/test_semantics.py::test_semantics[/home/greg/dev/nethermind/warp/tests/semantic/solidity/test/libsolidity/semanticTests/modifiers/modifiers_in_construction_context.sol] 
tests/semantic/test_semantics.py::test_semantics[/home/greg/dev/nethermind/warp/tests/semantic/solidity/test/libsolidity/semanticTests/storage/state_smoke_test.sol] PASSEDPASSED
tests/semantic/test_semantics.py::test_semantics[/home/greg/dev/nethermind/warp/tests/semantic/solidity/test/libsolidity/semanticTests/modifiers/function_modifier_library.sol] 
tests/semantic/test_semantics.py::test_semantics[/home/greg/dev/nethermind/warp/tests/semantic/solidity/test/libsolidity/semanticTests/storage/simple_accessor.sol] PASSEDPASSED
tests/semantic/test_semantics.py::test_semantics[/home/greg/dev/nethermind/warp/tests/semantic/solidity/test/libsolidity/semanticTests/modifiers/access_through_contract_name.sol] 
tests/semantic/test_semantics.py::test_semantics[/home/greg/dev/nethermind/warp/tests/semantic/solidity/test/libsolidity/semanticTests/storage/packed_storage_signed.sol] FAILEDFAILED
tests/semantic/test_semantics.py::test_semantics[/home/greg/dev/nethermind/warp/tests/semantic/solidity/test/libsolidity/semanticTests/modifiers/stacked_return_with_modifiers.sol] PASSED
tests/semantic/test_semantics.py::test_semantics[/home/greg/dev/nethermind/warp/tests/semantic/solidity/test/libsolidity/semanticTests/calldata/calldata_memory_mixed.sol] PASSED
tests/semantic/test_semantics.py::test_semantics[/home/greg/dev/nethermind/warp/tests/semantic/solidity/test/libsolidity/semanticTests/modifiers/function_modifier_loop.sol] 
tests/semantic/test_semantics.py::test_semantics[/home/greg/dev/nethermind/warp/tests/semantic/solidity/test/libsolidity/semanticTests/modifiers/function_modifier_loop.sol] SKIPPEDSKIPPED
tests/semantic/test_semantics.py::test_semantics[/home/greg/dev/nethermind/warp/tests/semantic/solidity/test/libsolidity/semanticTests/modifiers/evaluation_order.sol] 
tests/semantic/test_semantics.py::test_semantics[/home/greg/dev/nethermind/warp/tests/semantic/solidity/test/libsolidity/semanticTests/storage/struct_accessor.sol] PASSEDPASSED
tests/semantic/test_semantics.py::test_semantics[/home/greg/dev/nethermind/warp/tests/semantic/solidity/test/libsolidity/semanticTests/modifiers/function_modifier_multi_with_return.sol] 
tests/semantic/test_semantics.py::test_semantics[/home/greg/dev/nethermind/warp/tests/semantic/solidity/test/libsolidity/semanticTests/modifiers/function_modifier_multi_with_return.sol] SKIPPEDSKIPPED
tests/semantic/test_semantics.py::test_semantics[/home/greg/dev/nethermind/warp/tests/semantic/solidity/test/libsolidity/semanticTests/modifiers/access_through_module_name.sol] 
tests/semantic/test_semantics.py::test_semantics[/home/greg/dev/nethermind/warp/tests/semantic/solidity/test/libsolidity/semanticTests/modifiers/access_through_module_name.sol] FAILEDFAILED
tests/semantic/test_semantics.py::test_semantics[/home/greg/dev/nethermind/warp/tests/semantic/solidity/test/libsolidity/semanticTests/modifiers/function_modifier_loop_viair.sol] PASSED
tests/semantic/test_semantics.py::test_semantics[/home/greg/dev/nethermind/warp/tests/semantic/solidity/test/libsolidity/semanticTests/modifiers/modifiers_in_construction_context.sol] PASSED
tests/semantic/test_semantics.py::test_semantics[/home/greg/dev/nethermind/warp/tests/semantic/solidity/test/libsolidity/semanticTests/modifiers/modifier_in_constructor_ice.sol] 
tests/semantic/test_semantics.py::test_semantics[/home/greg/dev/nethermind/warp/tests/semantic/solidity/test/libsolidity/semanticTests/storage/packed_storage_structs_enum.sol] PASSEDPASSED
tests/semantic/test_semantics.py::test_semantics[/home/greg/dev/nethermind/warp/tests/semantic/solidity/test/libsolidity/semanticTests/modifiers/continue_in_modifier.sol] 
tests/semantic/test_semantics.py::test_semantics[/home/greg/dev/nethermind/warp/tests/semantic/solidity/test/libsolidity/semanticTests/storage/packed_storage_overflow.sol] PASSEDPASSED
tests/semantic/test_semantics.py::test_semantics[/home/greg/dev/nethermind/warp/tests/semantic/solidity/test/libsolidity/semanticTests/modifiers/return_in_modifier.sol] 
tests/semantic/test_semantics.py::test_semantics[/home/greg/dev/nethermind/warp/tests/semantic/solidity/test/libsolidity/semanticTests/calldata/calldata_internal_multi_array.sol] FAILEDFAILED
tests/semantic/test_semantics.py::test_semantics[/home/greg/dev/nethermind/warp/tests/semantic/solidity/test/libsolidity/semanticTests/modifiers/function_modifier_empty.sol] PASSED
tests/semantic/test_semantics.py::test_semantics[/home/greg/dev/nethermind/warp/tests/semantic/solidity/test/libsolidity/semanticTests/storage/mappings_array_pop_delete.sol] PASSED
tests/semantic/test_semantics.py::test_semantics[/home/greg/dev/nethermind/warp/tests/semantic/solidity/test/libsolidity/semanticTests/modifiers/function_modifier_local_variables.sol] 
tests/semantic/test_semantics.py::test_semantics[/home/greg/dev/nethermind/warp/tests/semantic/solidity/test/libsolidity/semanticTests/storage/mapping_string_key.sol] PASSEDPASSED
tests/semantic/test_semantics.py::test_semantics[/home/greg/dev/nethermind/warp/tests/semantic/solidity/test/libsolidity/semanticTests/modifiers/function_modifier.sol] 
tests/semantic/test_semantics.py::test_semantics[/home/greg/dev/nethermind/warp/tests/semantic/solidity/test/libsolidity/semanticTests/modifiers/function_modifier.sol] SKIPPEDSKIPPED
tests/semantic/test_semantics.py::test_semantics[/home/greg/dev/nethermind/warp/tests/semantic/solidity/test/libsolidity/semanticTests/modifiers/function_modifier_calling_functions_in_creation_context.sol] 
tests/semantic/test_semantics.py::test_semantics[/home/greg/dev/nethermind/warp/tests/semantic/solidity/test/libsolidity/semanticTests/storage/packed_storage_structs_uint.sol] PASSEDPASSED
tests/semantic/test_semantics.py::test_semantics[/home/greg/dev/nethermind/warp/tests/semantic/solidity/test/libsolidity/semanticTests/modifiers/function_return_parameter.sol] 
tests/semantic/test_semantics.py::test_semantics[/home/greg/dev/nethermind/warp/tests/semantic/solidity/test/libsolidity/semanticTests/storage/packed_storage_structs_bytes.sol] PASSEDPASSED
tests/semantic/test_semantics.py::test_semantics[/home/greg/dev/nethermind/warp/tests/semantic/solidity/test/libsolidity/semanticTests/modifiers/modifier_init_return.sol] PASSED
tests/semantic/test_semantics.py::test_semantics[/home/greg/dev/nethermind/warp/tests/semantic/solidity/test/libsolidity/semanticTests/modifiers/function_modifier_for_constructor.sol] 
tests/semantic/test_semantics.py::test_semantics[/home/greg/dev/nethermind/warp/tests/semantic/solidity/test/libsolidity/semanticTests/modifiers/modifier_in_constructor_ice.sol] PASSEDPASSED
tests/semantic/test_semantics.py::test_semantics[/home/greg/dev/nethermind/warp/tests/semantic/solidity/test/libsolidity/semanticTests/modifiers/function_modifier_library.sol] PASSED
tests/semantic/test_semantics.py::test_semantics[/home/greg/dev/nethermind/warp/tests/semantic/solidity/test/libsolidity/semanticTests/modifiers/function_modifier_library_inheritance.sol] 
tests/semantic/test_semantics.py::test_semantics[/home/greg/dev/nethermind/warp/tests/semantic/solidity/test/libsolidity/semanticTests/storage/empty_nonempty_empty.sol] PASSEDPASSED
tests/semantic/test_semantics.py::test_semantics[/home/greg/dev/nethermind/warp/tests/semantic/solidity/test/libsolidity/semanticTests/modifiers/function_modifier_multiple_times.sol] PASSED
tests/semantic/test_semantics.py::test_semantics[/home/greg/dev/nethermind/warp/tests/semantic/solidity/test/libsolidity/semanticTests/storage/accessors_mapping_for_array.sol] PASSED
tests/semantic/test_semantics.py::test_semantics[/home/greg/dev/nethermind/warp/tests/semantic/solidity/test/libsolidity/semanticTests/modifiers/modifer_recursive.sol] 
tests/semantic/test_semantics.py::test_semantics[/home/greg/dev/nethermind/warp/tests/semantic/solidity/test/libsolidity/semanticTests/modifiers/function_modifier_loop_viair.sol] PASSEDPASSED
tests/semantic/test_semantics.py::test_semantics[/home/greg/dev/nethermind/warp/tests/semantic/solidity/test/libsolidity/semanticTests/modifiers/function_modifier_overriding.sol] PASSED
tests/semantic/test_semantics.py::test_semantics[/home/greg/dev/nethermind/warp/tests/semantic/solidity/test/libsolidity/semanticTests/storage/mappings_array2d_pop_delete.sol] PASSED
tests/semantic/test_semantics.py::test_semantics[/home/greg/dev/nethermind/warp/tests/semantic/solidity/test/libsolidity/semanticTests/modifiers/function_modifier_multi_invocation.sol] 
tests/semantic/test_semantics.py::test_semantics[/home/greg/dev/nethermind/warp/tests/semantic/solidity/test/libsolidity/semanticTests/modifiers/function_modifier_multi_invocation.sol] SKIPPEDSKIPPED
tests/semantic/test_semantics.py::test_semantics[/home/greg/dev/nethermind/warp/tests/semantic/solidity/test/libsolidity/semanticTests/modifiers/break_in_modifier.sol] 
tests/semantic/test_semantics.py::test_semantics[/home/greg/dev/nethermind/warp/tests/semantic/solidity/test/libsolidity/semanticTests/modifiers/access_through_contract_name.sol] PASSEDPASSED
tests/semantic/test_semantics.py::test_semantics[/home/greg/dev/nethermind/warp/tests/semantic/solidity/test/libsolidity/semanticTests/modifiers/function_modifier_multi_invocation_viair.sol] 
tests/semantic/test_semantics.py::test_semantics[/home/greg/dev/nethermind/warp/tests/semantic/solidity/test/libsolidity/semanticTests/modifiers/modifer_recursive.sol] FAILEDFAILED
tests/semantic/test_semantics.py::test_semantics[/home/greg/dev/nethermind/warp/tests/semantic/solidity/test/libsolidity/semanticTests/modifiers/return_does_not_skip_modifier.sol] 
tests/semantic/test_semantics.py::test_semantics[/home/greg/dev/nethermind/warp/tests/semantic/solidity/test/libsolidity/semanticTests/modifiers/stacked_return_with_modifiers.sol] PASSEDPASSED
tests/semantic/test_semantics.py::test_semantics[/home/greg/dev/nethermind/warp/tests/semantic/solidity/test/libsolidity/semanticTests/modifiers/function_modifier_multiple_times_local_vars.sol] 
tests/semantic/test_semantics.py::test_semantics[/home/greg/dev/nethermind/warp/tests/semantic/solidity/test/libsolidity/semanticTests/modifiers/function_modifier_empty.sol] PASSEDPASSED
tests/semantic/test_semantics.py::test_semantics[/home/greg/dev/nethermind/warp/tests/semantic/solidity/test/libsolidity/semanticTests/modifiers/function_return_parameter_complex.sol] 
tests/semantic/test_semantics.py::test_semantics[/home/greg/dev/nethermind/warp/tests/semantic/solidity/test/libsolidity/semanticTests/storage/complex_accessors.sol] PASSEDPASSED
tests/semantic/test_semantics.py::test_semantics[/home/greg/dev/nethermind/warp/tests/semantic/solidity/test/libsolidity/semanticTests/arithmetics/unchecked_called_by_checked.sol] 
tests/semantic/test_semantics.py::test_semantics[/home/greg/dev/nethermind/warp/tests/semantic/solidity/test/libsolidity/semanticTests/storage/mapping_state.sol] PASSEDPASSED
tests/semantic/test_semantics.py::test_semantics[/home/greg/dev/nethermind/warp/tests/semantic/solidity/test/libsolidity/semanticTests/arithmetics/checked_add_v1.sol] 
tests/semantic/test_semantics.py::test_semantics[/home/greg/dev/nethermind/warp/tests/semantic/solidity/test/libsolidity/semanticTests/arithmetics/checked_add_v1.sol] SKIPPEDSKIPPED
tests/semantic/test_semantics.py::test_semantics[/home/greg/dev/nethermind/warp/tests/semantic/solidity/test/libsolidity/semanticTests/arithmetics/checked_called_by_unchecked.sol] 
tests/semantic/test_semantics.py::test_semantics[/home/greg/dev/nethermind/warp/tests/semantic/solidity/test/libsolidity/semanticTests/modifiers/function_modifier_local_variables.sol] PASSEDPASSED
tests/semantic/test_semantics.py::test_semantics[/home/greg/dev/nethermind/warp/tests/semantic/solidity/test/libsolidity/semanticTests/arithmetics/divisiod_by_zero.sol] PASSED
tests/semantic/test_semantics.py::test_semantics[/home/greg/dev/nethermind/warp/tests/semantic/solidity/test/libsolidity/semanticTests/modifiers/return_in_modifier.sol] PASSED
tests/semantic/test_semantics.py::test_semantics[/home/greg/dev/nethermind/warp/tests/semantic/solidity/test/libsolidity/semanticTests/arithmetics/unchecked_div_by_zero.sol] 
tests/semantic/test_semantics.py::test_semantics[/home/greg/dev/nethermind/warp/tests/semantic/solidity/test/libsolidity/semanticTests/modifiers/function_return_parameter.sol] PASSEDPASSED
tests/semantic/test_semantics.py::test_semantics[/home/greg/dev/nethermind/warp/tests/semantic/solidity/test/libsolidity/semanticTests/arithmetics/check_var_init.sol] 
tests/semantic/test_semantics.py::test_semantics[/home/greg/dev/nethermind/warp/tests/semantic/solidity/test/libsolidity/semanticTests/arithmetics/check_var_init.sol] SKIPPEDSKIPPED
tests/semantic/test_semantics.py::test_semantics[/home/greg/dev/nethermind/warp/tests/semantic/solidity/test/libsolidity/semanticTests/arithmetics/signed_mod.sol] 
tests/semantic/test_semantics.py::test_semantics[/home/greg/dev/nethermind/warp/tests/semantic/solidity/test/libsolidity/semanticTests/modifiers/function_modifier_for_constructor.sol] PASSEDPASSED
tests/semantic/test_semantics.py::test_semantics[/home/greg/dev/nethermind/warp/tests/semantic/solidity/test/libsolidity/semanticTests/arithmetics/addmod_mulmod_zero.sol] 
tests/semantic/test_semantics.py::test_semantics[/home/greg/dev/nethermind/warp/tests/semantic/solidity/test/libsolidity/semanticTests/modifiers/evaluation_order.sol] PASSEDPASSED
tests/semantic/test_semantics.py::test_semantics[/home/greg/dev/nethermind/warp/tests/semantic/solidity/test/libsolidity/semanticTests/arithmetics/checked_modifier_called_by_unchecked.sol] 
tests/semantic/test_semantics.py::test_semantics[/home/greg/dev/nethermind/warp/tests/semantic/solidity/test/libsolidity/semanticTests/modifiers/modifier_init_return.sol] PASSEDPASSED
tests/semantic/test_semantics.py::test_semantics[/home/greg/dev/nethermind/warp/tests/semantic/solidity/test/libsolidity/semanticTests/arithmetics/addmod_mulmod.sol] 
tests/semantic/test_semantics.py::test_semantics[/home/greg/dev/nethermind/warp/tests/semantic/solidity/test/libsolidity/semanticTests/modifiers/function_modifier_calling_functions_in_creation_context.sol] PASSEDPASSED
tests/semantic/test_semantics.py::test_semantics[/home/greg/dev/nethermind/warp/tests/semantic/solidity/test/libsolidity/semanticTests/arithmetics/checked_add_v2.sol] PASSED
tests/semantic/test_semantics.py::test_semantics[/home/greg/dev/nethermind/warp/tests/semantic/solidity/test/libsolidity/semanticTests/modifiers/function_modifier_overriding.sol] PASSED
tests/semantic/test_semantics.py::test_semantics[/home/greg/dev/nethermind/warp/tests/semantic/solidity/test/libsolidity/semanticTests/arithmetics/block_inside_unchecked.sol] 
tests/semantic/test_semantics.py::test_semantics[/home/greg/dev/nethermind/warp/tests/semantic/solidity/test/libsolidity/semanticTests/modifiers/function_modifier_library_inheritance.sol] PASSEDPASSED
tests/semantic/test_semantics.py::test_semantics[/home/greg/dev/nethermind/warp/tests/semantic/solidity/test/libsolidity/semanticTests/arithmetics/exp_associativity.sol] 
tests/semantic/test_semantics.py::test_semantics[/home/greg/dev/nethermind/warp/tests/semantic/solidity/test/libsolidity/semanticTests/modifiers/function_modifier_multi_invocation_viair.sol] PASSEDPASSED
tests/semantic/test_semantics.py::test_semantics[/home/greg/dev/nethermind/warp/tests/semantic/solidity/test/libsolidity/semanticTests/isoltestTesting/balance_without_balance.sol] 
tests/semantic/test_semantics.py::test_semantics[/home/greg/dev/nethermind/warp/tests/semantic/solidity/test/libsolidity/semanticTests/isoltestTesting/balance_without_balance.sol] SKIPPEDSKIPPED
tests/semantic/test_semantics.py::test_semantics[/home/greg/dev/nethermind/warp/tests/semantic/solidity/test/libsolidity/semanticTests/isoltestTesting/builtins.sol] SKIPPED
tests/semantic/test_semantics.py::test_semantics[/home/greg/dev/nethermind/warp/tests/semantic/solidity/test/libsolidity/semanticTests/isoltestTesting/builtins.sol] SKIPPED
tests/semantic/test_semantics.py::test_semantics[/home/greg/dev/nethermind/warp/tests/semantic/solidity/test/libsolidity/semanticTests/isoltestTesting/effects.sol] SKIPPED
tests/semantic/test_semantics.py::test_semantics[/home/greg/dev/nethermind/warp/tests/semantic/solidity/test/libsolidity/semanticTests/isoltestTesting/effects.sol] SKIPPED
tests/semantic/test_semantics.py::test_semantics[/home/greg/dev/nethermind/warp/tests/semantic/solidity/test/libsolidity/semanticTests/isoltestTesting/balance_with_balance2.sol] 
tests/semantic/test_semantics.py::test_semantics[/home/greg/dev/nethermind/warp/tests/semantic/solidity/test/libsolidity/semanticTests/isoltestTesting/balance_with_balance2.sol] SKIPPEDSKIPPED
tests/semantic/test_semantics.py::test_semantics[/home/greg/dev/nethermind/warp/tests/semantic/solidity/test/libsolidity/semanticTests/isoltestTesting/balance_with_balance.sol] SKIPPED
tests/semantic/test_semantics.py::test_semantics[/home/greg/dev/nethermind/warp/tests/semantic/solidity/test/libsolidity/semanticTests/isoltestTesting/balance_with_balance.sol] SKIPPED
tests/semantic/test_semantics.py::test_semantics[/home/greg/dev/nethermind/warp/tests/semantic/solidity/test/libsolidity/semanticTests/isoltestTesting/account.sol] SKIPPED
tests/semantic/test_semantics.py::test_semantics[/home/greg/dev/nethermind/warp/tests/semantic/solidity/test/libsolidity/semanticTests/isoltestTesting/account.sol] SKIPPED
tests/semantic/test_semantics.py::test_semantics[/home/greg/dev/nethermind/warp/tests/semantic/solidity/test/libsolidity/semanticTests/isoltestTesting/balance_other_contract.sol] SKIPPED
tests/semantic/test_semantics.py::test_semantics[/home/greg/dev/nethermind/warp/tests/semantic/solidity/test/libsolidity/semanticTests/isoltestTesting/balance_other_contract.sol] SKIPPED
tests/semantic/test_semantics.py::test_semantics[/home/greg/dev/nethermind/warp/tests/semantic/solidity/test/libsolidity/semanticTests/isoltestTesting/storage/storage_empty.sol] SKIPPED
tests/semantic/test_semantics.py::test_semantics[/home/greg/dev/nethermind/warp/tests/semantic/solidity/test/libsolidity/semanticTests/isoltestTesting/storage/storage_empty.sol] SKIPPED
tests/semantic/test_semantics.py::test_semantics[/home/greg/dev/nethermind/warp/tests/semantic/solidity/test/libsolidity/semanticTests/isoltestTesting/storage/storage_nonempty.sol] 
tests/semantic/test_semantics.py::test_semantics[/home/greg/dev/nethermind/warp/tests/semantic/solidity/test/libsolidity/semanticTests/modifiers/function_modifier_multiple_times.sol] PASSEDPASSED
tests/semantic/test_semantics.py::test_semantics[/home/greg/dev/nethermind/warp/tests/semantic/solidity/test/libsolidity/semanticTests/types/mapping_enum_key_getter_v2.sol] 
tests/semantic/test_semantics.py::test_semantics[/home/greg/dev/nethermind/warp/tests/semantic/solidity/test/libsolidity/semanticTests/arithmetics/exp_associativity.sol] FAILEDFAILED
tests/semantic/test_semantics.py::test_semantics[/home/greg/dev/nethermind/warp/tests/semantic/solidity/test/libsolidity/semanticTests/types/assign_calldata_value_type.sol] 
tests/semantic/test_semantics.py::test_semantics[/home/greg/dev/nethermind/warp/tests/semantic/solidity/test/libsolidity/semanticTests/modifiers/return_does_not_skip_modifier.sol] PASSEDPASSED
tests/semantic/test_semantics.py::test_semantics[/home/greg/dev/nethermind/warp/tests/semantic/solidity/test/libsolidity/semanticTests/types/nested_tuples.sol] 
tests/semantic/test_semantics.py::test_semantics[/home/greg/dev/nethermind/warp/tests/semantic/solidity/test/libsolidity/semanticTests/modifiers/break_in_modifier.sol] PASSEDPASSED
tests/semantic/test_semantics.py::test_semantics[/home/greg/dev/nethermind/warp/tests/semantic/solidity/test/libsolidity/semanticTests/types/packing_signed_types.sol] 
tests/semantic/test_semantics.py::test_semantics[/home/greg/dev/nethermind/warp/tests/semantic/solidity/test/libsolidity/semanticTests/modifiers/function_modifier_multiple_times_local_vars.sol] PASSEDPASSED
tests/semantic/test_semantics.py::test_semantics[/home/greg/dev/nethermind/warp/tests/semantic/solidity/test/libsolidity/semanticTests/types/convert_fixed_bytes_to_uint_greater_size.sol] 
tests/semantic/test_semantics.py::test_semantics[/home/greg/dev/nethermind/warp/tests/semantic/solidity/test/libsolidity/semanticTests/arithmetics/unchecked_called_by_checked.sol] PASSEDPASSED
tests/semantic/test_semantics.py::test_semantics[/home/greg/dev/nethermind/warp/tests/semantic/solidity/test/libsolidity/semanticTests/types/tuple_assign_multi_slot_grow.sol] 
tests/semantic/test_semantics.py::test_semantics[/home/greg/dev/nethermind/warp/tests/semantic/solidity/test/libsolidity/semanticTests/arithmetics/divisiod_by_zero.sol] PASSEDPASSED
tests/semantic/test_semantics.py::test_semantics[/home/greg/dev/nethermind/warp/tests/semantic/solidity/test/libsolidity/semanticTests/types/mapping_enum_key_v1.sol] 
tests/semantic/test_semantics.py::test_semantics[/home/greg/dev/nethermind/warp/tests/semantic/solidity/test/libsolidity/semanticTests/types/mapping_enum_key_v1.sol] SKIPPEDSKIPPED
tests/semantic/test_semantics.py::test_semantics[/home/greg/dev/nethermind/warp/tests/semantic/solidity/test/libsolidity/semanticTests/types/external_function_to_address.sol] PASSED
tests/semantic/test_semantics.py::test_semantics[/home/greg/dev/nethermind/warp/tests/semantic/solidity/test/libsolidity/semanticTests/modifiers/function_return_parameter_complex.sol] PASSED
tests/semantic/test_semantics.py::test_semantics[/home/greg/dev/nethermind/warp/tests/semantic/solidity/test/libsolidity/semanticTests/types/mapping_enum_key_library_v2.sol] 
tests/semantic/test_semantics.py::test_semantics[/home/greg/dev/nethermind/warp/tests/semantic/solidity/test/libsolidity/semanticTests/arithmetics/checked_called_by_unchecked.sol] PASSEDPASSED
tests/semantic/test_semantics.py::test_semantics[/home/greg/dev/nethermind/warp/tests/semantic/solidity/test/libsolidity/semanticTests/types/mapping_abstract_constructor_param.sol] 
tests/semantic/test_semantics.py::test_semantics[/home/greg/dev/nethermind/warp/tests/semantic/solidity/test/libsolidity/semanticTests/arithmetics/unchecked_div_by_zero.sol] PASSEDPASSED
tests/semantic/test_semantics.py::test_semantics[/home/greg/dev/nethermind/warp/tests/semantic/solidity/test/libsolidity/semanticTests/types/convert_fixed_bytes_to_fixed_bytes_greater_size.sol] 
tests/semantic/test_semantics.py::test_semantics[/home/greg/dev/nethermind/warp/tests/semantic/solidity/test/libsolidity/semanticTests/arithmetics/addmod_mulmod.sol] PASSEDPASSED
tests/semantic/test_semantics.py::test_semantics[/home/greg/dev/nethermind/warp/tests/semantic/solidity/test/libsolidity/semanticTests/types/struct_mapping_abstract_constructor_param.sol] 
tests/semantic/test_semantics.py::test_semantics[/home/greg/dev/nethermind/warp/tests/semantic/solidity/test/libsolidity/semanticTests/types/mapping_enum_key_library_v2.sol] FAILEDFAILED
tests/semantic/test_semantics.py::test_semantics[/home/greg/dev/nethermind/warp/tests/semantic/solidity/test/libsolidity/semanticTests/types/mapping_enum_key_v2.sol] PASSED
tests/semantic/test_semantics.py::test_semantics[/home/greg/dev/nethermind/warp/tests/semantic/solidity/test/libsolidity/semanticTests/arithmetics/addmod_mulmod_zero.sol] PASSED
tests/semantic/test_semantics.py::test_semantics[/home/greg/dev/nethermind/warp/tests/semantic/solidity/test/libsolidity/semanticTests/types/convert_fixed_bytes_to_uint_same_type.sol] 
tests/semantic/test_semantics.py::test_semantics[/home/greg/dev/nethermind/warp/tests/semantic/solidity/test/libsolidity/semanticTests/arithmetics/signed_mod.sol] PASSEDPASSED
tests/semantic/test_semantics.py::test_semantics[/home/greg/dev/nethermind/warp/tests/semantic/solidity/test/libsolidity/semanticTests/types/mapping_enum_key_library_v1.sol] 
tests/semantic/test_semantics.py::test_semantics[/home/greg/dev/nethermind/warp/tests/semantic/solidity/test/libsolidity/semanticTests/types/mapping_enum_key_library_v1.sol] SKIPPEDSKIPPED
tests/semantic/test_semantics.py::test_semantics[/home/greg/dev/nethermind/warp/tests/semantic/solidity/test/libsolidity/semanticTests/types/convert_uint_to_fixed_bytes_same_min_size.sol] PASSED
tests/semantic/test_semantics.py::test_semantics[/home/greg/dev/nethermind/warp/tests/semantic/solidity/test/libsolidity/semanticTests/arithmetics/checked_modifier_called_by_unchecked.sol] PASSED
tests/semantic/test_semantics.py::test_semantics[/home/greg/dev/nethermind/warp/tests/semantic/solidity/test/libsolidity/semanticTests/types/convert_fixed_bytes_to_uint_smaller_size.sol] 
tests/semantic/test_semantics.py::test_semantics[/home/greg/dev/nethermind/warp/tests/semantic/solidity/test/libsolidity/semanticTests/arithmetics/block_inside_unchecked.sol] PASSEDPASSED
tests/semantic/test_semantics.py::test_semantics[/home/greg/dev/nethermind/warp/tests/semantic/solidity/test/libsolidity/semanticTests/types/convert_uint_to_fixed_bytes_smaller_size.sol] 
tests/semantic/test_semantics.py::test_semantics[/home/greg/dev/nethermind/warp/tests/semantic/solidity/test/libsolidity/semanticTests/arithmetics/checked_add_v2.sol] PASSEDPASSED
tests/semantic/test_semantics.py::test_semantics[/home/greg/dev/nethermind/warp/tests/semantic/solidity/test/libsolidity/semanticTests/types/mapping_simple.sol] PASSED
tests/semantic/test_semantics.py::test_semantics[/home/greg/dev/nethermind/warp/tests/semantic/solidity/test/libsolidity/semanticTests/isoltestTesting/storage/storage_nonempty.sol] PASSED
tests/semantic/test_semantics.py::test_semantics[/home/greg/dev/nethermind/warp/tests/semantic/solidity/test/libsolidity/semanticTests/types/mapping_contract_key.sol] 
tests/semantic/test_semantics.py::test_semantics[/home/greg/dev/nethermind/warp/tests/semantic/solidity/test/libsolidity/semanticTests/types/assign_calldata_value_type.sol] PASSEDPASSED
tests/semantic/test_semantics.py::test_semantics[/home/greg/dev/nethermind/warp/tests/semantic/solidity/test/libsolidity/semanticTests/types/type_conversion_cleanup.sol] 
tests/semantic/test_semantics.py::test_semantics[/home/greg/dev/nethermind/warp/tests/semantic/solidity/test/libsolidity/semanticTests/types/type_conversion_cleanup.sol] FAILEDFAILED
tests/semantic/test_semantics.py::test_semantics[/home/greg/dev/nethermind/warp/tests/semantic/solidity/test/libsolidity/semanticTests/types/convert_fixed_bytes_to_fixed_bytes_same_size.sol] PASSED
tests/semantic/test_semantics.py::test_semantics[/home/greg/dev/nethermind/warp/tests/semantic/solidity/test/libsolidity/semanticTests/types/packing_signed_types.sol] PASSED
tests/semantic/test_semantics.py::test_semantics[/home/greg/dev/nethermind/warp/tests/semantic/solidity/test/libsolidity/semanticTests/types/packing_unpacking_types.sol] 
tests/semantic/test_semantics.py::test_semantics[/home/greg/dev/nethermind/warp/tests/semantic/solidity/test/libsolidity/semanticTests/types/convert_fixed_bytes_to_uint_greater_size.sol] PASSEDPASSED
tests/semantic/test_semantics.py::test_semantics[/home/greg/dev/nethermind/warp/tests/semantic/solidity/test/libsolidity/semanticTests/types/convert_fixed_bytes_to_fixed_bytes_smaller_size.sol] PASSED
tests/semantic/test_semantics.py::test_semantics[/home/greg/dev/nethermind/warp/tests/semantic/solidity/test/libsolidity/semanticTests/types/nested_tuples.sol] PASSED
tests/semantic/test_semantics.py::test_semantics[/home/greg/dev/nethermind/warp/tests/semantic/solidity/test/libsolidity/semanticTests/types/convert_uint_to_fixed_bytes_same_size.sol] 
tests/semantic/test_semantics.py::test_semantics[/home/greg/dev/nethermind/warp/tests/semantic/solidity/test/libsolidity/semanticTests/types/convert_fixed_bytes_to_fixed_bytes_greater_size.sol] PASSEDPASSED
tests/semantic/test_semantics.py::test_semantics[/home/greg/dev/nethermind/warp/tests/semantic/solidity/test/libsolidity/semanticTests/types/strings.sol] 
tests/semantic/test_semantics.py::test_semantics[/home/greg/dev/nethermind/warp/tests/semantic/solidity/test/libsolidity/semanticTests/storage/chop_sign_bits.sol] FAILEDFAILED
tests/semantic/test_semantics.py::test_semantics[/home/greg/dev/nethermind/warp/tests/semantic/solidity/test/libsolidity/semanticTests/types/mapping_contract_key_library.sol] 
tests/semantic/test_semantics.py::test_semantics[/home/greg/dev/nethermind/warp/tests/semantic/solidity/test/libsolidity/semanticTests/types/mapping_contract_key_library.sol] FAILEDFAILED
tests/semantic/test_semantics.py::test_semantics[/home/greg/dev/nethermind/warp/tests/semantic/solidity/test/libsolidity/semanticTests/types/array_mapping_abstract_constructor_param.sol] 
tests/semantic/test_semantics.py::test_semantics[/home/greg/dev/nethermind/warp/tests/semantic/solidity/test/libsolidity/semanticTests/types/external_function_to_address.sol] FAILEDFAILED
tests/semantic/test_semantics.py::test_semantics[/home/greg/dev/nethermind/warp/tests/semantic/solidity/test/libsolidity/semanticTests/types/mapping_contract_key_getter.sol] 
tests/semantic/test_semantics.py::test_semantics[/home/greg/dev/nethermind/warp/tests/semantic/solidity/test/libsolidity/semanticTests/types/convert_fixed_bytes_to_uint_same_type.sol] PASSEDPASSED
tests/semantic/test_semantics.py::test_semantics[/home/greg/dev/nethermind/warp/tests/semantic/solidity/test/libsolidity/semanticTests/types/convert_uint_to_fixed_bytes_greater_size.sol] 
tests/semantic/test_semantics.py::test_semantics[/home/greg/dev/nethermind/warp/tests/semantic/solidity/test/libsolidity/semanticTests/types/mapping_abstract_constructor_param.sol] PASSEDPASSED
tests/semantic/test_semantics.py::test_semantics[/home/greg/dev/nethermind/warp/tests/semantic/solidity/test/libsolidity/semanticTests/types/convert_fixed_bytes_to_uint_same_min_size.sol] 
tests/semantic/test_semantics.py::test_semantics[/home/greg/dev/nethermind/warp/tests/semantic/solidity/test/libsolidity/semanticTests/types/tuple_assign_multi_slot_grow.sol] PASSEDPASSED
tests/semantic/test_semantics.py::test_semantics[/home/greg/dev/nethermind/warp/tests/semantic/solidity/test/libsolidity/semanticTests/types/mapping_enum_key_getter_v1.sol] 
tests/semantic/test_semantics.py::test_semantics[/home/greg/dev/nethermind/warp/tests/semantic/solidity/test/libsolidity/semanticTests/types/mapping_enum_key_getter_v1.sol] SKIPPEDSKIPPED
tests/semantic/test_semantics.py::test_semantics[/home/greg/dev/nethermind/warp/tests/semantic/solidity/test/libsolidity/semanticTests/conversions/function_type_array_to_storage.sol] 
tests/semantic/test_semantics.py::test_semantics[/home/greg/dev/nethermind/warp/tests/semantic/solidity/test/libsolidity/semanticTests/types/convert_fixed_bytes_to_uint_smaller_size.sol] PASSEDPASSED
tests/semantic/test_semantics.py::test_semantics[/home/greg/dev/nethermind/warp/tests/semantic/solidity/test/libsolidity/semanticTests/conversions/string_to_bytes.sol] FAILED
tests/semantic/test_semantics.py::test_semantics[/home/greg/dev/nethermind/warp/tests/semantic/solidity/test/libsolidity/semanticTests/conversions/function_type_array_to_storage.sol] FAILED
tests/semantic/test_semantics.py::test_semantics[/home/greg/dev/nethermind/warp/tests/semantic/solidity/test/libsolidity/semanticTests/immutable/assign_at_declaration.sol] 
tests/semantic/test_semantics.py::test_semantics[/home/greg/dev/nethermind/warp/tests/semantic/solidity/test/libsolidity/semanticTests/immutable/assign_at_declaration.sol] SKIPPEDSKIPPED
tests/semantic/test_semantics.py::test_semantics[/home/greg/dev/nethermind/warp/tests/semantic/solidity/test/libsolidity/semanticTests/immutable/assign_from_immutables.sol] 
tests/semantic/test_semantics.py::test_semantics[/home/greg/dev/nethermind/warp/tests/semantic/solidity/test/libsolidity/semanticTests/immutable/assign_from_immutables.sol] SKIPPEDSKIPPED
tests/semantic/test_semantics.py::test_semantics[/home/greg/dev/nethermind/warp/tests/semantic/solidity/test/libsolidity/semanticTests/immutable/inheritance.sol] 
tests/semantic/test_semantics.py::test_semantics[/home/greg/dev/nethermind/warp/tests/semantic/solidity/test/libsolidity/semanticTests/immutable/inheritance.sol] SKIPPEDSKIPPED
tests/semantic/test_semantics.py::test_semantics[/home/greg/dev/nethermind/warp/tests/semantic/solidity/test/libsolidity/semanticTests/immutable/use_scratch.sol] 
tests/semantic/test_semantics.py::test_semantics[/home/greg/dev/nethermind/warp/tests/semantic/solidity/test/libsolidity/semanticTests/immutable/use_scratch.sol] SKIPPEDSKIPPED
tests/semantic/test_semantics.py::test_semantics[/home/greg/dev/nethermind/warp/tests/semantic/solidity/test/libsolidity/semanticTests/immutable/read_in_ctor.sol] 
tests/semantic/test_semantics.py::test_semantics[/home/greg/dev/nethermind/warp/tests/semantic/solidity/test/libsolidity/semanticTests/immutable/read_in_ctor.sol] SKIPPEDSKIPPED
tests/semantic/test_semantics.py::test_semantics[/home/greg/dev/nethermind/warp/tests/semantic/solidity/test/libsolidity/semanticTests/immutable/immutable_signed.sol] 
tests/semantic/test_semantics.py::test_semantics[/home/greg/dev/nethermind/warp/tests/semantic/solidity/test/libsolidity/semanticTests/immutable/immutable_signed.sol] SKIPPEDSKIPPED
tests/semantic/test_semantics.py::test_semantics[/home/greg/dev/nethermind/warp/tests/semantic/solidity/test/libsolidity/semanticTests/immutable/multi_creation.sol] 
tests/semantic/test_semantics.py::test_semantics[/home/greg/dev/nethermind/warp/tests/semantic/solidity/test/libsolidity/semanticTests/immutable/multi_creation.sol] SKIPPEDSKIPPED
tests/semantic/test_semantics.py::test_semantics[/home/greg/dev/nethermind/warp/tests/semantic/solidity/test/libsolidity/semanticTests/immutable/internal_function_pointer.sol] 
tests/semantic/test_semantics.py::test_semantics[/home/greg/dev/nethermind/warp/tests/semantic/solidity/test/libsolidity/semanticTests/immutable/internal_function_pointer.sol] SKIPPEDSKIPPED
tests/semantic/test_semantics.py::test_semantics[/home/greg/dev/nethermind/warp/tests/semantic/solidity/test/libsolidity/semanticTests/immutable/fun_read_in_ctor.sol] 
tests/semantic/test_semantics.py::test_semantics[/home/greg/dev/nethermind/warp/tests/semantic/solidity/test/libsolidity/semanticTests/immutable/fun_read_in_ctor.sol] SKIPPEDSKIPPED
tests/semantic/test_semantics.py::test_semantics[/home/greg/dev/nethermind/warp/tests/semantic/solidity/test/libsolidity/semanticTests/immutable/stub.sol] 
tests/semantic/test_semantics.py::test_semantics[/home/greg/dev/nethermind/warp/tests/semantic/solidity/test/libsolidity/semanticTests/immutable/stub.sol] SKIPPEDSKIPPED
tests/semantic/test_semantics.py::test_semantics[/home/greg/dev/nethermind/warp/tests/semantic/solidity/test/libsolidity/semanticTests/immutable/getter.sol] 
tests/semantic/test_semantics.py::test_semantics[/home/greg/dev/nethermind/warp/tests/semantic/solidity/test/libsolidity/semanticTests/immutable/getter.sol] SKIPPEDSKIPPED
tests/semantic/test_semantics.py::test_semantics[/home/greg/dev/nethermind/warp/tests/semantic/solidity/test/libsolidity/semanticTests/immutable/small_types_in_reverse.sol] 
tests/semantic/test_semantics.py::test_semantics[/home/greg/dev/nethermind/warp/tests/semantic/solidity/test/libsolidity/semanticTests/immutable/small_types_in_reverse.sol] SKIPPEDSKIPPED
tests/semantic/test_semantics.py::test_semantics[/home/greg/dev/nethermind/warp/tests/semantic/solidity/test/libsolidity/semanticTests/immutable/getter_call_in_constructor.sol] 
tests/semantic/test_semantics.py::test_semantics[/home/greg/dev/nethermind/warp/tests/semantic/solidity/test/libsolidity/semanticTests/immutable/getter_call_in_constructor.sol] SKIPPEDSKIPPED
tests/semantic/test_semantics.py::test_semantics[/home/greg/dev/nethermind/warp/tests/semantic/solidity/test/libsolidity/semanticTests/abiEncoderV2/abi_encode_rational_v2.sol] PASSED
tests/semantic/test_semantics.py::test_semantics[/home/greg/dev/nethermind/warp/tests/semantic/solidity/test/libsolidity/semanticTests/storage/array_accessor.sol] PASSED
tests/semantic/test_semantics.py::test_semantics[/home/greg/dev/nethermind/warp/tests/semantic/solidity/test/libsolidity/semanticTests/abiEncoderV2/calldata_array_dynamic.sol] PASSED
tests/semantic/test_semantics.py::test_semantics[/home/greg/dev/nethermind/warp/tests/semantic/solidity/test/libsolidity/semanticTests/types/struct_mapping_abstract_constructor_param.sol] PASSED
tests/semantic/test_semantics.py::test_semantics[/home/greg/dev/nethermind/warp/tests/semantic/solidity/test/libsolidity/semanticTests/abiEncoderV2/calldata_struct_simple.sol] 
tests/semantic/test_semantics.py::test_semantics[/home/greg/dev/nethermind/warp/tests/semantic/solidity/test/libsolidity/semanticTests/types/convert_uint_to_fixed_bytes_same_min_size.sol] PASSEDPASSED
tests/semantic/test_semantics.py::test_semantics[/home/greg/dev/nethermind/warp/tests/semantic/solidity/test/libsolidity/semanticTests/abiEncoderV2/calldata_array_static.sol] PASSED
tests/semantic/test_semantics.py::test_semantics[/home/greg/dev/nethermind/warp/tests/semantic/solidity/test/libsolidity/semanticTests/types/convert_uint_to_fixed_bytes_smaller_size.sol] PASSED
tests/semantic/test_semantics.py::test_semantics[/home/greg/dev/nethermind/warp/tests/semantic/solidity/test/libsolidity/semanticTests/abiEncoderV2/calldata_array_static_index_access.sol] 
tests/semantic/test_semantics.py::test_semantics[/home/greg/dev/nethermind/warp/tests/semantic/solidity/test/libsolidity/semanticTests/modifiers/continue_in_modifier.sol] FAILEDFAILED
tests/semantic/test_semantics.py::test_semantics[/home/greg/dev/nethermind/warp/tests/semantic/solidity/test/libsolidity/semanticTests/abiEncoderV2/abi_encode_v2.sol] 
tests/semantic/test_semantics.py::test_semantics[/home/greg/dev/nethermind/warp/tests/semantic/solidity/test/libsolidity/semanticTests/types/convert_fixed_bytes_to_fixed_bytes_same_size.sol] PASSEDPASSED
tests/semantic/test_semantics.py::test_semantics[/home/greg/dev/nethermind/warp/tests/semantic/solidity/test/libsolidity/semanticTests/abiEncoderV2/calldata_array_two_dynamic.sol] 
tests/semantic/test_semantics.py::test_semantics[/home/greg/dev/nethermind/warp/tests/semantic/solidity/test/libsolidity/semanticTests/types/convert_fixed_bytes_to_fixed_bytes_smaller_size.sol] PASSEDPASSED
tests/semantic/test_semantics.py::test_semantics[/home/greg/dev/nethermind/warp/tests/semantic/solidity/test/libsolidity/semanticTests/abiEncoderV2/calldata_array_dynamic_static_short_decode.sol] 
tests/semantic/test_semantics.py::test_semantics[/home/greg/dev/nethermind/warp/tests/semantic/solidity/test/libsolidity/semanticTests/types/mapping_enum_key_v2.sol] PASSEDPASSED
tests/semantic/test_semantics.py::test_semantics[/home/greg/dev/nethermind/warp/tests/semantic/solidity/test/libsolidity/semanticTests/abiEncoderV2/calldata_struct_member_offset.sol] PASSED
tests/semantic/test_semantics.py::test_semantics[/home/greg/dev/nethermind/warp/tests/semantic/solidity/test/libsolidity/semanticTests/types/mapping_enum_key_getter_v2.sol] PASSED
tests/semantic/test_semantics.py::test_semantics[/home/greg/dev/nethermind/warp/tests/semantic/solidity/test/libsolidity/semanticTests/abiEncoderV2/dynamic_arrays.sol] 
tests/semantic/test_semantics.py::test_semantics[/home/greg/dev/nethermind/warp/tests/semantic/solidity/test/libsolidity/semanticTests/types/convert_uint_to_fixed_bytes_same_size.sol] PASSEDPASSED
tests/semantic/test_semantics.py::test_semantics[/home/greg/dev/nethermind/warp/tests/semantic/solidity/test/libsolidity/semanticTests/abiEncoderV2/calldata_array.sol] 
tests/semantic/test_semantics.py::test_semantics[/home/greg/dev/nethermind/warp/tests/semantic/solidity/test/libsolidity/semanticTests/types/mapping_simple.sol] PASSEDPASSED
tests/semantic/test_semantics.py::test_semantics[/home/greg/dev/nethermind/warp/tests/semantic/solidity/test/libsolidity/semanticTests/abiEncoderV2/abi_encode_v2_in_function_inherited_in_v1_contract.sol] FAILED
tests/semantic/test_semantics.py::test_semantics[/home/greg/dev/nethermind/warp/tests/semantic/solidity/test/libsolidity/semanticTests/abiEncoderV2/abi_encode_v2_in_modifier_used_in_v1_contract.sol] SKIPPED
tests/semantic/test_semantics.py::test_semantics[/home/greg/dev/nethermind/warp/tests/semantic/solidity/test/libsolidity/semanticTests/abiEncoderV2/abi_encode_v2_in_function_inherited_in_v1_contract.sol] FAILED
tests/semantic/test_semantics.py::test_semantics[/home/greg/dev/nethermind/warp/tests/semantic/solidity/test/libsolidity/semanticTests/abiEncoderV2/abi_encode_v2_in_modifier_used_in_v1_contract.sol] SKIPPED
tests/semantic/test_semantics.py::test_semantics[/home/greg/dev/nethermind/warp/tests/semantic/solidity/test/libsolidity/semanticTests/abiEncoderV2/abi_encode_empty_string_v2.sol] 
tests/semantic/test_semantics.py::test_semantics[/home/greg/dev/nethermind/warp/tests/semantic/solidity/test/libsolidity/semanticTests/types/packing_unpacking_types.sol] PASSEDPASSED
tests/semantic/test_semantics.py::test_semantics[/home/greg/dev/nethermind/warp/tests/semantic/solidity/test/libsolidity/semanticTests/abiEncoderV2/calldata_array_static_dynamic_static.sol] 
tests/semantic/test_semantics.py::test_semantics[/home/greg/dev/nethermind/warp/tests/semantic/solidity/test/libsolidity/semanticTests/types/mapping_contract_key.sol] PASSEDPASSED
tests/semantic/test_semantics.py::test_semantics[/home/greg/dev/nethermind/warp/tests/semantic/solidity/test/libsolidity/semanticTests/abiEncoderV2/calldata_array_multi_dynamic.sol] 